#
# There is insufficient memory for the Java Runtime Environment to continue.
# Native memory allocation (malloc) failed to allocate 1386576 bytes for Chunk::new
# Possible reasons:
#   The system is out of physical RAM or swap space
#   The process is running with CompressedOops enabled, and the Java Heap may be blocking the growth of the native heap
# Possible solutions:
#   Reduce memory load on the system
#   Increase physical memory or swap space
#   Check if swap backing store is full
#   Decrease Java heap size (-Xmx/-Xms)
#   Decrease number of Java threads
#   Decrease Java thread stack sizes (-Xss)
#   Set larger code cache with -XX:ReservedCodeCacheSize=
#   JVM is running with Unscaled Compressed Oops mode in which the Java heap is
#     placed in the first 4GB address space. The Java Heap base address is the
#     maximum limit for the native heap growth. Please use -XX:HeapBaseMinAddress
#     to set the Java Heap base and to place the Java Heap above 4GB virtual address.
# This output file may be truncated or incomplete.
#
#  Out of Memory Error (allocation.cpp:389), pid=4556, tid=0x000000000000183c
#
# JRE version: Java(TM) SE Runtime Environment (8.0_221-b11) (build 1.8.0_221-b11)
# Java VM: Java HotSpot(TM) 64-Bit Server VM (25.221-b11 mixed mode windows-amd64 compressed oops)
# Failed to write core dump. Minidumps are not enabled by default on client versions of Windows
#

---------------  T H R E A D  ---------------

Current thread (0x00000000175a3000):  JavaThread "C2 CompilerThread1" daemon [_thread_in_native, id=6204, stack(0x0000000018d30000,0x0000000018e30000)]

Stack: [0x0000000018d30000,0x0000000018e30000]
[error occurred during error reporting (printing stack bounds), id 0xc0000005]

Native frames: (J=compiled Java code, j=interpreted, Vv=VM code, C=native code)


Current CompileTask:
C2:  14711 4698   !   4       com.sun.tools.javac.file.JavacFileManager::listContainer (94 bytes)


---------------  P R O C E S S  ---------------

Java Threads: ( => current thread )
  0x000000001ae34000 JavaThread "JMX server connection timeout 15" daemon [_thread_blocked, id=16172, stack(0x000000001d150000,0x000000001d250000)]
  0x000000001b0cd800 JavaThread "RMI Scheduler(0)" daemon [_thread_blocked, id=7744, stack(0x000000001d050000,0x000000001d150000)]
  0x000000001b13e800 JavaThread "RMI TCP Connection(1)-192.168.43.174" daemon [_thread_in_native, id=14768, stack(0x000000001cd50000,0x000000001ce50000)]
  0x000000001a8ee800 JavaThread "RMI TCP Accept-0" daemon [_thread_in_native, id=8692, stack(0x000000001c910000,0x000000001ca10000)]
  0x0000000018e5c000 JavaThread "Service Thread" daemon [_thread_blocked, id=10824, stack(0x0000000019330000,0x0000000019430000)]
  0x00000000175fa000 JavaThread "C1 CompilerThread2" daemon [_thread_blocked, id=11380, stack(0x0000000019230000,0x0000000019330000)]
=>0x00000000175a3000 JavaThread "C2 CompilerThread1" daemon [_thread_in_native, id=6204, stack(0x0000000018d30000,0x0000000018e30000)]
  0x000000001759d000 JavaThread "C2 CompilerThread0" daemon [_thread_in_native, id=9148, stack(0x0000000018c30000,0x0000000018d30000)]
  0x00000000175a9800 JavaThread "Attach Listener" daemon [_thread_blocked, id=13704, stack(0x0000000018b30000,0x0000000018c30000)]
  0x00000000175a8000 JavaThread "Signal Dispatcher" daemon [_thread_blocked, id=14876, stack(0x0000000018a30000,0x0000000018b30000)]
  0x000000000293c000 JavaThread "Finalizer" daemon [_thread_blocked, id=13096, stack(0x0000000018820000,0x0000000018920000)]
  0x0000000002933800 JavaThread "Reference Handler" daemon [_thread_blocked, id=8780, stack(0x0000000018720000,0x0000000018820000)]
  0x0000000002842800 JavaThread "main" [_thread_in_native, id=15760, stack(0x0000000002710000,0x0000000002810000)]

Other Threads:
  0x0000000017567000 VMThread [stack: 0x0000000018620000,0x0000000018720000] [id=7948]
  0x0000000018e75000 WatcherThread [stack: 0x0000000019430000,0x0000000019530000] [id=10996]

VM state:not at safepoint (normal execution)

VM Mutex/Monitor currently owned by a thread: None

heap address: 0x0000000081600000, size: 2026 MB, Compressed Oops mode: 32-bit
Narrow klass base: 0x0000000000000000, Narrow klass shift: 3
Compressed class space size: 1073741824 Address: 0x0000000100000000

Heap:
 PSYoungGen      total 145920K, used 44759K [0x00000000d5d00000, 0x00000000df800000, 0x0000000100000000)
  eden space 133120K, 24% used [0x00000000d5d00000,0x00000000d7c39440,0x00000000ddf00000)
  from space 12800K, 99% used [0x00000000ddf00000,0x00000000deb7c968,0x00000000deb80000)
  to   space 12288K, 0% used [0x00000000dec00000,0x00000000dec00000,0x00000000df800000)
 ParOldGen       total 73216K, used 20636K [0x0000000081600000, 0x0000000085d80000, 0x00000000d5d00000)
  object space 73216K, 28% used [0x0000000081600000,0x0000000082a272a8,0x0000000085d80000)
 Metaspace       used 26851K, capacity 27588K, committed 27776K, reserved 1073152K
  class space    used 3152K, capacity 3376K, committed 3456K, reserved 1048576K

Card table byte_map: [0x0000000011e00000,0x0000000012200000] byte_map_base: 0x00000000119f5000

Marking Bits: (ParMarkBitMap*) 0x00000000509f5ce0
 Begin Bits: [0x00000000128b0000, 0x0000000014858000)
 End Bits:   [0x0000000014858000, 0x0000000016800000)

Polling page: 0x0000000000b70000

CodeCache: size=245760Kb used=14287Kb max_used=14287Kb free=231472Kb
 bounds [0x0000000002a40000, 0x0000000003840000, 0x0000000011a40000]
 total_blobs=4874 nmethods=4441 adapters=344
 compilation: enabled

Compilation events (10 events):
Event: 14.636 Thread 0x00000000175fa000 4872       3       org.apache.maven.repository.internal.ArtifactDescriptorReaderDelegate::convert (20 bytes)
Event: 14.637 Thread 0x00000000175fa000 nmethod 4872 0x000000000383c010 code [0x000000000383c180, 0x000000000383c3c8]
Event: 14.661 Thread 0x00000000175fa000 4873       3       org.apache.maven.model.CiManagement::getLocation (25 bytes)
Event: 14.662 Thread 0x00000000175fa000 nmethod 4873 0x000000000383c4d0 code [0x000000000383c640, 0x000000000383c9a8]
Event: 14.662 Thread 0x00000000175fa000 4874       3       org.apache.maven.model.CiManagement::setLocation (35 bytes)
Event: 14.662 Thread 0x00000000175fa000 nmethod 4874 0x000000000383ca90 code [0x000000000383cc20, 0x000000000383d0c8]
Event: 14.687 Thread 0x00000000175fa000 4875       3       org.apache.maven.model.building.ModelProblemUtils::toId (96 bytes)
Event: 14.690 Thread 0x00000000175fa000 nmethod 4875 0x000000000383d310 code [0x000000000383d5e0, 0x000000000383ec78]
Event: 14.690 Thread 0x00000000175fa000 4876       3       java.lang.CharacterDataLatin1::isWhitespace (23 bytes)
Event: 14.690 Thread 0x00000000175fa000 nmethod 4876 0x000000000383f950 code [0x000000000383fac0, 0x000000000383fd10]

GC Heap History (10 events):
Event: 6.467 GC heap before
{Heap before GC invocations=6 (full 0):
 PSYoungGen      total 38400K, used 38368K [0x00000000d5d00000, 0x00000000db400000, 0x0000000100000000)
  eden space 33280K, 100% used [0x00000000d5d00000,0x00000000d7d80000,0x00000000d7d80000)
  from space 5120K, 99% used [0x00000000d7d80000,0x00000000d8278020,0x00000000d8280000)
  to   space 11264K, 0% used [0x00000000da900000,0x00000000da900000,0x00000000db400000)
 ParOldGen       total 87552K, used 13259K [0x0000000081600000, 0x0000000086b80000, 0x00000000d5d00000)
  object space 87552K, 15% used [0x0000000081600000,0x00000000822f2c58,0x0000000086b80000)
 Metaspace       used 19057K, capacity 19474K, committed 19712K, reserved 1067008K
  class space    used 2301K, capacity 2443K, committed 2560K, reserved 1048576K
Event: 6.495 GC heap after
Heap after GC invocations=6 (full 0):
 PSYoungGen      total 76800K, used 7840K [0x00000000d5d00000, 0x00000000db300000, 0x0000000100000000)
  eden space 66560K, 0% used [0x00000000d5d00000,0x00000000d5d00000,0x00000000d9e00000)
  from space 10240K, 76% used [0x00000000da900000,0x00000000db0a8020,0x00000000db300000)
  to   space 10752K, 0% used [0x00000000d9e00000,0x00000000d9e00000,0x00000000da880000)
 ParOldGen       total 87552K, used 13259K [0x0000000081600000, 0x0000000086b80000, 0x00000000d5d00000)
  object space 87552K, 15% used [0x0000000081600000,0x00000000822f2c58,0x0000000086b80000)
 Metaspace       used 19057K, capacity 19474K, committed 19712K, reserved 1067008K
  class space    used 2301K, capacity 2443K, committed 2560K, reserved 1048576K
}
Event: 8.321 GC heap before
{Heap before GC invocations=7 (full 0):
 PSYoungGen      total 76800K, used 74400K [0x00000000d5d00000, 0x00000000db300000, 0x0000000100000000)
  eden space 66560K, 100% used [0x00000000d5d00000,0x00000000d9e00000,0x00000000d9e00000)
  from space 10240K, 76% used [0x00000000da900000,0x00000000db0a8020,0x00000000db300000)
  to   space 10752K, 0% used [0x00000000d9e00000,0x00000000d9e00000,0x00000000da880000)
 ParOldGen       total 87552K, used 13259K [0x0000000081600000, 0x0000000086b80000, 0x00000000d5d00000)
  object space 87552K, 15% used [0x0000000081600000,0x00000000822f2c58,0x0000000086b80000)
 Metaspace       used 20516K, capacity 21140K, committed 21296K, reserved 1069056K
  class space    used 2439K, capacity 2654K, committed 2688K, reserved 1048576K
Event: 8.348 GC heap after
Heap after GC invocations=7 (full 0):
 PSYoungGen      total 77312K, used 10729K [0x00000000d5d00000, 0x00000000df900000, 0x0000000100000000)
  eden space 66560K, 0% used [0x00000000d5d00000,0x00000000d5d00000,0x00000000d9e00000)
  from space 10752K, 99% used [0x00000000d9e00000,0x00000000da87a5a0,0x00000000da880000)
  to   space 13312K, 0% used [0x00000000dec00000,0x00000000dec00000,0x00000000df900000)
 ParOldGen       total 87552K, used 15598K [0x0000000081600000, 0x0000000086b80000, 0x00000000d5d00000)
  object space 87552K, 17% used [0x0000000081600000,0x000000008253b800,0x0000000086b80000)
 Metaspace       used 20516K, capacity 21140K, committed 21296K, reserved 1069056K
  class space    used 2439K, capacity 2654K, committed 2688K, reserved 1048576K
}
Event: 9.252 GC heap before
{Heap before GC invocations=8 (full 0):
 PSYoungGen      total 77312K, used 25114K [0x00000000d5d00000, 0x00000000df900000, 0x0000000100000000)
  eden space 66560K, 21% used [0x00000000d5d00000,0x00000000d6b0c628,0x00000000d9e00000)
  from space 10752K, 99% used [0x00000000d9e00000,0x00000000da87a5a0,0x00000000da880000)
  to   space 13312K, 0% used [0x00000000dec00000,0x00000000dec00000,0x00000000df900000)
 ParOldGen       total 87552K, used 15598K [0x0000000081600000, 0x0000000086b80000, 0x00000000d5d00000)
  object space 87552K, 17% used [0x0000000081600000,0x000000008253b800,0x0000000086b80000)
 Metaspace       used 20576K, capacity 21210K, committed 21296K, reserved 1069056K
  class space    used 2439K, capacity 2655K, committed 2688K, reserved 1048576K
Event: 9.284 GC heap after
Heap after GC invocations=8 (full 0):
 PSYoungGen      total 145408K, used 8000K [0x00000000d5d00000, 0x00000000df800000, 0x0000000100000000)
  eden space 133120K, 0% used [0x00000000d5d00000,0x00000000d5d00000,0x00000000ddf00000)
  from space 12288K, 65% used [0x00000000dec00000,0x00000000df3d0000,0x00000000df800000)
  to   space 12800K, 0% used [0x00000000ddf00000,0x00000000ddf00000,0x00000000deb80000)
 ParOldGen       total 87552K, used 18254K [0x0000000081600000, 0x0000000086b80000, 0x00000000d5d00000)
  object space 87552K, 20% used [0x0000000081600000,0x00000000827d3800,0x0000000086b80000)
 Metaspace       used 20576K, capacity 21210K, committed 21296K, reserved 1069056K
  class space    used 2439K, capacity 2655K, committed 2688K, reserved 1048576K
}
Event: 9.284 GC heap before
{Heap before GC invocations=9 (full 1):
 PSYoungGen      total 145408K, used 8000K [0x00000000d5d00000, 0x00000000df800000, 0x0000000100000000)
  eden space 133120K, 0% used [0x00000000d5d00000,0x00000000d5d00000,0x00000000ddf00000)
  from space 12288K, 65% used [0x00000000dec00000,0x00000000df3d0000,0x00000000df800000)
  to   space 12800K, 0% used [0x00000000ddf00000,0x00000000ddf00000,0x00000000deb80000)
 ParOldGen       total 87552K, used 18254K [0x0000000081600000, 0x0000000086b80000, 0x00000000d5d00000)
  object space 87552K, 20% used [0x0000000081600000,0x00000000827d3800,0x0000000086b80000)
 Metaspace       used 20576K, capacity 21210K, committed 21296K, reserved 1069056K
  class space    used 2439K, capacity 2655K, committed 2688K, reserved 1048576K
Event: 9.510 GC heap after
Heap after GC invocations=9 (full 1):
 PSYoungGen      total 145408K, used 0K [0x00000000d5d00000, 0x00000000df800000, 0x0000000100000000)
  eden space 133120K, 0% used [0x00000000d5d00000,0x00000000d5d00000,0x00000000ddf00000)
  from space 12288K, 0% used [0x00000000dec00000,0x00000000dec00000,0x00000000df800000)
  to   space 12800K, 0% used [0x00000000ddf00000,0x00000000ddf00000,0x00000000deb80000)
 ParOldGen       total 73216K, used 19189K [0x0000000081600000, 0x0000000085d80000, 0x00000000d5d00000)
  object space 73216K, 26% used [0x0000000081600000,0x00000000828bd5e8,0x0000000085d80000)
 Metaspace       used 20576K, capacity 21210K, committed 21296K, reserved 1069056K
  class space    used 2439K, capacity 2655K, committed 2688K, reserved 1048576K
}
Event: 13.763 GC heap before
{Heap before GC invocations=10 (full 1):
 PSYoungGen      total 145408K, used 133120K [0x00000000d5d00000, 0x00000000df800000, 0x0000000100000000)
  eden space 133120K, 100% used [0x00000000d5d00000,0x00000000ddf00000,0x00000000ddf00000)
  from space 12288K, 0% used [0x00000000dec00000,0x00000000dec00000,0x00000000df800000)
  to   space 12800K, 0% used [0x00000000ddf00000,0x00000000ddf00000,0x00000000deb80000)
 ParOldGen       total 73216K, used 19189K [0x0000000081600000, 0x0000000085d80000, 0x00000000d5d00000)
  object space 73216K, 26% used [0x0000000081600000,0x00000000828bd5e8,0x0000000085d80000)
 Metaspace       used 26655K, capacity 27396K, committed 27520K, reserved 1073152K
  class space    used 3151K, capacity 3376K, committed 3456K, reserved 1048576K
Event: 13.788 GC heap after
Heap after GC invocations=10 (full 1):
 PSYoungGen      total 145920K, used 12786K [0x00000000d5d00000, 0x00000000df800000, 0x0000000100000000)
  eden space 133120K, 0% used [0x00000000d5d00000,0x00000000d5d00000,0x00000000ddf00000)
  from space 12800K, 99% used [0x00000000ddf00000,0x00000000deb7c968,0x00000000deb80000)
  to   space 12288K, 0% used [0x00000000dec00000,0x00000000dec00000,0x00000000df800000)
 ParOldGen       total 73216K, used 20636K [0x0000000081600000, 0x0000000085d80000, 0x00000000d5d00000)
  object space 73216K, 28% used [0x0000000081600000,0x0000000082a272a8,0x0000000085d80000)
 Metaspace       used 26655K, capacity 27396K, committed 27520K, reserved 1073152K
  class space    used 3151K, capacity 3376K, committed 3456K, reserved 1048576K
}

Deoptimization events (10 events):
Event: 14.066 Thread 0x0000000002842800 Uncommon trap: reason=unstable_if action=reinterpret pc=0x00000000035ccc2c method=com.sun.tools.javac.file.ZipFileIndex.isUpToDate()Z @ 32
Event: 14.077 Thread 0x0000000002842800 Uncommon trap: reason=array_check action=maybe_recompile pc=0x0000000002d527b8 method=java.util.ComparableTimSort.reverseRange([Ljava/lang/Object;II)V @ 20
Event: 14.077 Thread 0x0000000002842800 Uncommon trap: reason=array_check action=maybe_recompile pc=0x0000000002d527b8 method=java.util.ComparableTimSort.reverseRange([Ljava/lang/Object;II)V @ 20
Event: 14.078 Thread 0x0000000002842800 Uncommon trap: reason=array_check action=maybe_recompile pc=0x0000000002d527b8 method=java.util.ComparableTimSort.reverseRange([Ljava/lang/Object;II)V @ 20
Event: 14.078 Thread 0x0000000002842800 Uncommon trap: reason=array_check action=maybe_recompile pc=0x0000000002d527b8 method=java.util.ComparableTimSort.reverseRange([Ljava/lang/Object;II)V @ 20
Event: 14.133 Thread 0x0000000002842800 Uncommon trap: reason=unstable_if action=reinterpret pc=0x0000000003737208 method=com.sun.tools.javac.code.Types$18.visitClassType(Lcom/sun/tools/javac/code/Type$ClassType;Ljava/lang/Void;)Lcom/sun/tools/javac/code/Type; @ 43
Event: 14.307 Thread 0x0000000002842800 Uncommon trap: reason=unstable_if action=reinterpret pc=0x00000000036c7978 method=com.sun.tools.javac.code.Types$Subst.subst(Lcom/sun/tools/javac/util/List;)Lcom/sun/tools/javac/util/List; @ 67
Event: 14.377 Thread 0x0000000002842800 Uncommon trap: reason=unstable_if action=reinterpret pc=0x000000000325e558 method=com.sun.tools.javac.util.IntHashTable.lookup(Ljava/lang/Object;I)I @ 67
Event: 14.377 Thread 0x0000000002842800 Uncommon trap: reason=unstable_if action=reinterpret pc=0x000000000325e060 method=com.sun.tools.javac.util.IntHashTable.putAtIndex(Ljava/lang/Object;II)I @ 18
Event: 14.389 Thread 0x0000000002842800 Uncommon trap: reason=unstable_if action=reinterpret pc=0x0000000002fd1f9c method=com.sun.tools.javac.util.Convert.chars2utf([CI[BII)I @ 35

Classes redefined (0 events):
No events

Internal exceptions (10 events):
Event: 10.731 Thread 0x000000001b13e800 Exception <a 'java/lang/ClassNotFoundException': org/springframework/boot/actuate/endpoint/jmx/DataEndpointMBean> (0x00000000d640fb38) thrown at [C:\re\workspace\8-2-build-windows-amd64-cygwin\jdk8u221\13320\hotspot\src\share\vm\classfile\systemDictionary
Event: 10.731 Thread 0x000000001b13e800 Exception <a 'java/lang/ClassNotFoundException': org/springframework/context/support/LiveBeansView> (0x00000000d6410078) thrown at [C:\re\workspace\8-2-build-windows-amd64-cygwin\jdk8u221\13320\hotspot\src\share\vm\classfile\systemDictionary.cpp, line 210
Event: 10.731 Thread 0x000000001b13e800 Exception <a 'java/lang/ClassNotFoundException': org/springframework/boot/actuate/endpoint/jmx/EndpointMBean> (0x00000000d64103d0) thrown at [C:\re\workspace\8-2-build-windows-amd64-cygwin\jdk8u221\13320\hotspot\src\share\vm\classfile\systemDictionary.cpp
Event: 10.731 Thread 0x000000001b13e800 Exception <a 'java/lang/ClassNotFoundException': org/springframework/boot/actuate/endpoint/jmx/DataEndpointMBean> (0x00000000d6410918) thrown at [C:\re\workspace\8-2-build-windows-amd64-cygwin\jdk8u221\13320\hotspot\src\share\vm\classfile\systemDictionary
Event: 10.731 Thread 0x000000001b13e800 Exception <a 'java/lang/ClassNotFoundException': org/springframework/context/support/LiveBeansView> (0x00000000d6410e48) thrown at [C:\re\workspace\8-2-build-windows-amd64-cygwin\jdk8u221\13320\hotspot\src\share\vm\classfile\systemDictionary.cpp, line 210
Event: 10.887 Thread 0x0000000002842800 Exception <a 'java/lang/ClassNotFoundException': com/sun/tools/javac/api/JavacTool> (0x00000000d6684778) thrown at [C:\re\workspace\8-2-build-windows-amd64-cygwin\jdk8u221\13320\hotspot\src\share\vm\classfile\systemDictionary.cpp, line 210]
Event: 12.396 Thread 0x0000000002842800 Exception <a 'java/io/FileNotFoundException'> (0x00000000d9c038b8) thrown at [C:\re\workspace\8-2-build-windows-amd64-cygwin\jdk8u221\13320\hotspot\src\share\vm\prims\jni.cpp, line 710]
Event: 12.413 Thread 0x0000000002842800 Exception <a 'java/io/FileNotFoundException'> (0x00000000d9c38d78) thrown at [C:\re\workspace\8-2-build-windows-amd64-cygwin\jdk8u221\13320\hotspot\src\share\vm\prims\jni.cpp, line 710]
Event: 14.065 Thread 0x0000000002842800 Exception <a 'java/io/FileNotFoundException'> (0x00000000d668ada8) thrown at [C:\re\workspace\8-2-build-windows-amd64-cygwin\jdk8u221\13320\hotspot\src\share\vm\prims\jni.cpp, line 710]
Event: 14.066 Thread 0x0000000002842800 Exception <a 'java/io/FileNotFoundException'> (0x00000000d668c920) thrown at [C:\re\workspace\8-2-build-windows-amd64-cygwin\jdk8u221\13320\hotspot\src\share\vm\prims\jni.cpp, line 710]

Events (10 events):
Event: 14.377 Thread 0x0000000002842800 DEOPT PACKING pc=0x000000000325e558 sp=0x000000000280c220
Event: 14.377 Thread 0x0000000002842800 DEOPT UNPACKING pc=0x0000000002a8583b sp=0x000000000280c190 mode 2
Event: 14.377 Thread 0x0000000002842800 Uncommon trap: trap_request=0xffffff65 fr.pc=0x000000000325e060
Event: 14.377 Thread 0x0000000002842800 DEOPT PACKING pc=0x000000000325e060 sp=0x000000000280c220
Event: 14.377 Thread 0x0000000002842800 DEOPT UNPACKING pc=0x0000000002a8583b sp=0x000000000280c1a0 mode 2
Event: 14.389 Thread 0x0000000002842800 Uncommon trap: trap_request=0xffffff65 fr.pc=0x0000000002fd1f9c
Event: 14.389 Thread 0x0000000002842800 DEOPT PACKING pc=0x0000000002fd1f9c sp=0x000000000280d630
Event: 14.389 Thread 0x0000000002842800 DEOPT UNPACKING pc=0x0000000002a8583b sp=0x000000000280d598 mode 2
Event: 14.491 Thread 0x0000000002842800 DEOPT PACKING pc=0x0000000003335b17 sp=0x000000000280c840
Event: 14.491 Thread 0x0000000002842800 DEOPT UNPACKING pc=0x0000000002a87890 sp=0x000000000280c598 mode 0


Dynamic libraries:
0x00007ff6b06d0000 - 0x00007ff6b0707000 	C:\Program Files\Java\jdk1.8.0_221\bin\javaw.exe
0x00007ff8af0c0000 - 0x00007ff8af2b0000 	C:\WINDOWS\SYSTEM32\ntdll.dll
0x00007ff8ae6d0000 - 0x00007ff8ae782000 	C:\WINDOWS\System32\KERNEL32.DLL
0x00007ff8acc80000 - 0x00007ff8acf23000 	C:\WINDOWS\System32\KERNELBASE.dll
0x00007ff8ae310000 - 0x00007ff8ae3b3000 	C:\WINDOWS\System32\ADVAPI32.dll
0x00007ff8ae4d0000 - 0x00007ff8ae56e000 	C:\WINDOWS\System32\msvcrt.dll
0x00007ff8ad7e0000 - 0x00007ff8ad877000 	C:\WINDOWS\System32\sechost.dll
0x00007ff8ad3d0000 - 0x00007ff8ad4f0000 	C:\WINDOWS\System32\RPCRT4.dll
0x00007ff8ae140000 - 0x00007ff8ae2d4000 	C:\WINDOWS\System32\USER32.dll
0x00007ff8ac100000 - 0x00007ff8ac121000 	C:\WINDOWS\System32\win32u.dll
0x00007ff8ada20000 - 0x00007ff8ada46000 	C:\WINDOWS\System32\GDI32.dll
0x00007ff8acfd0000 - 0x00007ff8ad164000 	C:\WINDOWS\System32\gdi32full.dll
0x00007ff8acf30000 - 0x00007ff8acfce000 	C:\WINDOWS\System32\msvcp_win.dll
0x00007ff8ac1e0000 - 0x00007ff8ac2da000 	C:\WINDOWS\System32\ucrtbase.dll
0x00007ff8a0cb0000 - 0x00007ff8a0f35000 	C:\WINDOWS\WinSxS\amd64_microsoft.windows.common-controls_6595b64144ccf1df_6.0.18362.418_none_e6c6b287130d565d\COMCTL32.dll
0x00007ff8aec00000 - 0x00007ff8aef36000 	C:\WINDOWS\System32\combase.dll
0x00007ff8ac130000 - 0x00007ff8ac1b0000 	C:\WINDOWS\System32\bcryptPrimitives.dll
0x00007ff8ae2e0000 - 0x00007ff8ae30e000 	C:\WINDOWS\System32\IMM32.DLL
0x0000000050a80000 - 0x0000000050b52000 	C:\Program Files\Java\jdk1.8.0_221\jre\bin\msvcr100.dll
0x00000000501d0000 - 0x0000000050a75000 	C:\Program Files\Java\jdk1.8.0_221\jre\bin\server\jvm.dll
0x00007ff8ae4a0000 - 0x00007ff8ae4a8000 	C:\WINDOWS\System32\PSAPI.DLL
0x00007ff8aa0c0000 - 0x00007ff8aa0c9000 	C:\WINDOWS\SYSTEM32\WSOCK32.dll
0x00007ff8ad900000 - 0x00007ff8ad96f000 	C:\WINDOWS\System32\WS2_32.dll
0x00007ff8a9f10000 - 0x00007ff8a9f34000 	C:\WINDOWS\SYSTEM32\WINMM.dll
0x00007ff8a1810000 - 0x00007ff8a181a000 	C:\WINDOWS\SYSTEM32\VERSION.dll
0x00007ff8a9a90000 - 0x00007ff8a9abd000 	C:\WINDOWS\SYSTEM32\WINMMBASE.dll
0x00007ff8ac4b0000 - 0x00007ff8ac4fa000 	C:\WINDOWS\System32\cfgmgr32.dll
0x00007ff8a7e10000 - 0x00007ff8a7e1f000 	C:\Program Files\Java\jdk1.8.0_221\jre\bin\verify.dll
0x00007ff8a64e0000 - 0x00007ff8a6509000 	C:\Program Files\Java\jdk1.8.0_221\jre\bin\java.dll
0x00007ff8a64c0000 - 0x00007ff8a64d6000 	C:\Program Files\Java\jdk1.8.0_221\jre\bin\zip.dll
0x00007ff8ada50000 - 0x00007ff8ae135000 	C:\WINDOWS\System32\SHELL32.dll
0x00007ff8ad970000 - 0x00007ff8ada19000 	C:\WINDOWS\System32\shcore.dll
0x00007ff8ac500000 - 0x00007ff8acc7f000 	C:\WINDOWS\System32\windows.storage.dll
0x00007ff8ac030000 - 0x00007ff8ac04f000 	C:\WINDOWS\System32\profapi.dll
0x00007ff8abfe0000 - 0x00007ff8ac02a000 	C:\WINDOWS\System32\powrprof.dll
0x00007ff8abf90000 - 0x00007ff8abfa0000 	C:\WINDOWS\System32\UMPDC.dll
0x00007ff8ad6b0000 - 0x00007ff8ad702000 	C:\WINDOWS\System32\shlwapi.dll
0x00007ff8abfc0000 - 0x00007ff8abfd1000 	C:\WINDOWS\System32\kernel.appcore.dll
0x00007ff8ac490000 - 0x00007ff8ac4a7000 	C:\WINDOWS\System32\cryptsp.dll
0x00007ff8ab310000 - 0x00007ff8ab343000 	C:\WINDOWS\system32\rsaenh.dll
0x00007ff8ac1b0000 - 0x00007ff8ac1d6000 	C:\WINDOWS\System32\bcrypt.dll
0x00007ff8abeb0000 - 0x00007ff8abed5000 	C:\WINDOWS\SYSTEM32\USERENV.dll
0x00007ff8ab970000 - 0x00007ff8ab97c000 	C:\WINDOWS\SYSTEM32\CRYPTBASE.dll
0x00007ff8a64a0000 - 0x00007ff8a64ba000 	C:\Program Files\Java\jdk1.8.0_221\jre\bin\net.dll
0x00007ff89d500000 - 0x00007ff89d6d6000 	C:\WINDOWS\SYSTEM32\urlmon.dll
0x00007ff89d870000 - 0x00007ff89db16000 	C:\WINDOWS\SYSTEM32\iertutil.dll
0x00007ff8ab7a0000 - 0x00007ff8ab807000 	C:\WINDOWS\system32\mswsock.dll
0x00007ff8ab4b0000 - 0x00007ff8ab4ea000 	C:\WINDOWS\SYSTEM32\IPHLPAPI.DLL
0x00007ff8af010000 - 0x00007ff8af018000 	C:\WINDOWS\System32\NSI.dll
0x00007ff8a0960000 - 0x00007ff8a0976000 	C:\WINDOWS\SYSTEM32\dhcpcsvc6.DLL
0x00007ff8a0940000 - 0x00007ff8a095c000 	C:\WINDOWS\SYSTEM32\dhcpcsvc.DLL
0x00007ff8ab4f0000 - 0x00007ff8ab5ba000 	C:\WINDOWS\SYSTEM32\DNSAPI.dll
0x00007ff8a6430000 - 0x00007ff8a6442000 	C:\Program Files\Java\jdk1.8.0_221\jre\bin\nio.dll
0x00007ff8a78f0000 - 0x00007ff8a78fa000 	C:\Users\Cleverson Melo\AppData\Local\Temp\jansi-1.17.1-229234816477538196.dll
0x00007ff8a0680000 - 0x00007ff8a068a000 	C:\Windows\System32\rasadhlp.dll
0x00007ff8a0f50000 - 0x00007ff8a0fc7000 	C:\WINDOWS\System32\fwpuclnt.dll
0x00007ff8a76e0000 - 0x00007ff8a76ed000 	C:\Program Files\Java\jdk1.8.0_221\jre\bin\management.dll
0x00007ff892240000 - 0x00007ff892256000 	C:\WINDOWS\system32\napinsp.dll
0x00007ff890e20000 - 0x00007ff890e3a000 	C:\WINDOWS\system32\pnrpnsp.dll
0x00007ff8a5b00000 - 0x00007ff8a5b0e000 	C:\WINDOWS\System32\winrnr.dll
0x00007ff8a87f0000 - 0x00007ff8a880c000 	C:\WINDOWS\system32\NLAapi.dll
0x00007ff8a1350000 - 0x00007ff8a1365000 	C:\WINDOWS\system32\wshbth.dll

VM Arguments:
jvm_args: -Dmaven.home=EMBEDDED -Dclassworlds.conf=E:\Arquivos\javaSpring\.metadata\.plugins\org.eclipse.m2e.launching\launches\m2conf752756084929150447.tmp -Dmaven.multiModuleProjectDirectory=E:\Arquivos\javaSpring\avaliacao -Djansi.force=true -Djansi.passthrough=true -Dfile.encoding=Cp1252 
java_command: org.codehaus.plexus.classworlds.launcher.Launcher -B clean install -Dstyle.color=always
java_class_path (initial): E:\Programas\spring-tool-suite-4-4.4.0\sts-4.4.0.RELEASE\plugins\org.eclipse.m2e.maven.runtime_1.13.0.20190716-1623\jars\plexus-classworlds-2.6.0.jar
Launcher Type: SUN_STANDARD

Environment Variables:
JAVA_HOME=C:\Program Files\Java\jdk1.8.0_221
PATH=C:\Python27\;C:\Python27\Scripts;C:\Program Files (x86)\Common Files\Oracle\Java\javapath;E:\Programas\php\PHP\;C:\WINDOWS\system32;C:\WINDOWS;C:\WINDOWS\System32\Wbem;C:\WINDOWS\System32\WindowsPowerShell\v1.0\;C:\Program Files (x86)\MySQL\MySQL Server 5.1\bin;E:\Programa\PuTTY\;C:\Program Files\Java\jdk1.8.0_221\bin;C:\Program Files\Git\cmd;C:\Program Files\TortoiseGit\bin;C:\WINDOWS\System32\OpenSSH\;C:\Program Files\Microsoft SQL Server\Client SDK\ODBC\130\Tools\Binn\;C:\Program Files (x86)\Microsoft SQL Server\140\Tools\Binn\;C:\Program Files\Microsoft SQL Server\140\Tools\Binn\;C:\Program Files\Microsoft SQL Server\140\DTS\Binn\;C:\Program Files (x86)\Microsoft SQL Server\150\DTS\Binn\;C:\Program Files\nodejs\;C:\ProgramData\chocolatey\bin;C:\Users\Cleverson Melo\AppData\Local\Microsoft\WindowsApps;;C:\Users\Cleverson Melo\AppData\Local\Programs\Microsoft VS Code\bin;C:\Users\Cleverson Melo\AppData\Roaming\npm
USERNAME=Cleverson Melo
OS=Windows_NT
PROCESSOR_IDENTIFIER=Intel64 Family 6 Model 61 Stepping 4, GenuineIntel



---------------  S Y S T E M  ---------------

OS: Windows 10.0 , 64 bit Build 18362 (10.0.18362.329)

CPU:total 4 (initial active 4) (2 cores per cpu, 2 threads per core) family 6 model 61 stepping 4, cmov, cx8, fxsr, mmx, sse, sse2, sse3, ssse3, sse4.1, sse4.2, popcnt, avx, avx2, aes, clmul, erms, 3dnowpref, lzcnt, ht, tsc, tscinvbit, bmi1, bmi2, adx

Memory: 4k page, physical 8297876k(671080k free), swap 8297876k(6180k free)

vm_info: Java HotSpot(TM) 64-Bit Server VM (25.221-b11) for windows-amd64 JRE (1.8.0_221-b11), built on Jul  4 2019 04:39:29 by "java_re" with MS VC++ 10.0 (VS2010)

time: Sat Nov 16 16:48:50 2019
timezone: Hora oficial do Brasil
elapsed time: 14 seconds (0d 0h 0m 14s)

