#
# There is insufficient memory for the Java Runtime Environment to continue.
# Native memory allocation (malloc) failed to allocate 855920 bytes for Chunk::new
# Possible reasons:
#   The system is out of physical RAM or swap space
#   The process is running with CompressedOops enabled, and the Java Heap may be blocking the growth of the native heap
# Possible solutions:
#   Reduce memory load on the system
#   Increase physical memory or swap space
#   Check if swap backing store is full
#   Decrease Java heap size (-Xmx/-Xms)
#   Decrease number of Java threads
#   Decrease Java thread stack sizes (-Xss)
#   Set larger code cache with -XX:ReservedCodeCacheSize=
#   JVM is running with Unscaled Compressed Oops mode in which the Java heap is
#     placed in the first 4GB address space. The Java Heap base address is the
#     maximum limit for the native heap growth. Please use -XX:HeapBaseMinAddress
#     to set the Java Heap base and to place the Java Heap above 4GB virtual address.
# This output file may be truncated or incomplete.
#
#  Out of Memory Error (allocation.cpp:389), pid=4616, tid=0x0000000000003d50
#
# JRE version: Java(TM) SE Runtime Environment (8.0_221-b11) (build 1.8.0_221-b11)
# Java VM: Java HotSpot(TM) 64-Bit Server VM (25.221-b11 mixed mode windows-amd64 compressed oops)
# Failed to write core dump. Minidumps are not enabled by default on client versions of Windows
#

---------------  T H R E A D  ---------------

Current thread (0x0000000017eb2800):  JavaThread "C2 CompilerThread1" daemon [_thread_in_native, id=15696, stack(0x0000000019610000,0x0000000019710000)]

Stack: [0x0000000019610000,0x0000000019710000]
[error occurred during error reporting (printing stack bounds), id 0xc0000005]

Native frames: (J=compiled Java code, j=interpreted, Vv=VM code, C=native code)


Current CompileTask:
C2:  12924 4498       4       org.hibernate.validator.internal.util.TypeHelper::resolveTypes (149 bytes)


---------------  P R O C E S S  ---------------

Java Threads: ( => current thread )
  0x000000001ea95000 JavaThread "HikariPool-1 housekeeper" daemon [_thread_blocked, id=13720, stack(0x000000001c480000,0x000000001c580000)]
  0x00000000198d6800 JavaThread "JMX server connection timeout 18" daemon [_thread_blocked, id=9576, stack(0x000000001c680000,0x000000001c780000)]
  0x00000000198c2800 JavaThread "RMI Scheduler(0)" daemon [_thread_blocked, id=2496, stack(0x000000001c580000,0x000000001c680000)]
  0x000000001ac7a000 JavaThread "RMI TCP Connection(1)-192.168.43.174" daemon [_thread_in_native, id=14544, stack(0x000000001c380000,0x000000001c480000)]
  0x000000001a881800 JavaThread "RMI TCP Accept-0" daemon [_thread_in_native, id=10072, stack(0x000000001c080000,0x000000001c180000)]
  0x00000000199bf000 JavaThread "surefire-forkedjvm-ping-30s" daemon [_thread_blocked, id=1824, stack(0x0000000019f10000,0x000000001a010000)]
  0x0000000019910000 JavaThread "surefire-forkedjvm-command-thread" daemon [_thread_in_native, id=7288, stack(0x0000000019e10000,0x0000000019f10000)]
  0x0000000019833000 JavaThread "Service Thread" daemon [_thread_blocked, id=6808, stack(0x0000000019c10000,0x0000000019d10000)]
  0x0000000017ebd000 JavaThread "C1 CompilerThread2" daemon [_thread_blocked, id=14744, stack(0x0000000019710000,0x0000000019810000)]
=>0x0000000017eb2800 JavaThread "C2 CompilerThread1" daemon [_thread_in_native, id=15696, stack(0x0000000019610000,0x0000000019710000)]
  0x0000000017eac800 JavaThread "C2 CompilerThread0" daemon [_thread_in_native, id=15600, stack(0x0000000019510000,0x0000000019610000)]
  0x0000000017eba800 JavaThread "Attach Listener" daemon [_thread_blocked, id=3288, stack(0x0000000019410000,0x0000000019510000)]
  0x0000000017eb9800 JavaThread "Signal Dispatcher" daemon [_thread_blocked, id=8704, stack(0x0000000019310000,0x0000000019410000)]
  0x000000000334d800 JavaThread "Finalizer" daemon [_thread_blocked, id=12840, stack(0x0000000019100000,0x0000000019200000)]
  0x0000000017e9a800 JavaThread "Reference Handler" daemon [_thread_blocked, id=13708, stack(0x0000000019000000,0x0000000019100000)]
  0x0000000003252800 JavaThread "main" [_thread_in_native, id=16148, stack(0x0000000003080000,0x0000000003180000)]

Other Threads:
  0x0000000017e77000 VMThread [stack: 0x0000000018f00000,0x0000000019000000] [id=13392]
  0x0000000017f0d800 WatcherThread [stack: 0x0000000019d10000,0x0000000019e10000] [id=3704]

VM state:not at safepoint (normal execution)

VM Mutex/Monitor currently owned by a thread: None

heap address: 0x0000000081600000, size: 2026 MB, Compressed Oops mode: 32-bit
Narrow klass base: 0x0000000000000000, Narrow klass shift: 3
Compressed class space size: 1073741824 Address: 0x0000000100000000

Heap:
 PSYoungGen      total 115712K, used 31666K [0x00000000d5d00000, 0x00000000dd600000, 0x0000000100000000)
  eden space 107520K, 29% used [0x00000000d5d00000,0x00000000d7beca08,0x00000000dc600000)
  from space 8192K, 0% used [0x00000000dc600000,0x00000000dc600000,0x00000000dce00000)
  to   space 7168K, 0% used [0x00000000dcf00000,0x00000000dcf00000,0x00000000dd600000)
 ParOldGen       total 84992K, used 19799K [0x0000000081600000, 0x0000000086900000, 0x00000000d5d00000)
  object space 84992K, 23% used [0x0000000081600000,0x0000000082955e80,0x0000000086900000)
 Metaspace       used 56837K, capacity 59332K, committed 59416K, reserved 1099776K
  class space    used 7790K, capacity 8218K, committed 8232K, reserved 1048576K

Card table byte_map: [0x0000000012710000,0x0000000012b10000] byte_map_base: 0x0000000012305000

Marking Bits: (ParMarkBitMap*) 0x00000000509f5ce0
 Begin Bits: [0x00000000131c0000, 0x0000000015168000)
 End Bits:   [0x0000000015168000, 0x0000000017110000)

Polling page: 0x0000000001240000

CodeCache: size=245760Kb used=15173Kb max_used=15173Kb free=230586Kb
 bounds [0x0000000003350000, 0x0000000004230000, 0x0000000012350000]
 total_blobs=4675 nmethods=4124 adapters=463
 compilation: enabled

Compilation events (10 events):
Event: 12.881 Thread 0x0000000017ebd000 4585       1       com.fasterxml.jackson.databind.type.ClassKey::hashCode (5 bytes)
Event: 12.881 Thread 0x0000000017ebd000 nmethod 4585 0x0000000004226b10 code [0x0000000004226c60, 0x0000000004226d70]
Event: 12.882 Thread 0x0000000017ebd000 4586   !   3       org.springframework.beans.factory.support.AbstractBeanFactory::getMergedBeanDefinition (343 bytes)
Event: 12.886 Thread 0x0000000017ebd000 nmethod 4586 0x0000000004226dd0 code [0x00000000042272a0, 0x000000000422a948]
Event: 12.886 Thread 0x0000000017ebd000 4587       3       org.springframework.util.ReflectionUtils::findField (119 bytes)
Event: 12.887 Thread 0x0000000017ebd000 nmethod 4587 0x000000000422cb90 code [0x000000000422cda0, 0x000000000422d908]
Event: 12.893 Thread 0x0000000017ebd000 4588       1       org.springframework.beans.factory.support.AbstractAutowireCapableBeanFactory::getParameterNameDiscoverer (5 bytes)
Event: 12.893 Thread 0x0000000017ebd000 nmethod 4588 0x000000000422de50 code [0x000000000422dfa0, 0x000000000422e0b0]
Event: 12.893 Thread 0x0000000017ebd000 4589       1       org.springframework.boot.autoconfigure.SharedMetadataReaderFactoryContextInitializer$SharedMetadataReaderFactoryBean::getObjectType (3 bytes)
Event: 12.893 Thread 0x0000000017ebd000 nmethod 4589 0x000000000422e110 code [0x000000000422e260, 0x000000000422e370]

GC Heap History (10 events):
Event: 6.594 GC heap before
{Heap before GC invocations=10 (full 2):
 PSYoungGen      total 114688K, used 7140K [0x00000000d5d00000, 0x00000000dd600000, 0x0000000100000000)
  eden space 107520K, 0% used [0x00000000d5d00000,0x00000000d5d00000,0x00000000dc600000)
  from space 7168K, 99% used [0x00000000dcf00000,0x00000000dd5f9048,0x00000000dd600000)
  to   space 8192K, 0% used [0x00000000dc600000,0x00000000dc600000,0x00000000dce00000)
 ParOldGen       total 55296K, used 11362K [0x0000000081600000, 0x0000000084c00000, 0x00000000d5d00000)
  object space 55296K, 20% used [0x0000000081600000,0x00000000821189e8,0x0000000084c00000)
 Metaspace       used 34025K, capacity 35450K, committed 35496K, reserved 1079296K
  class space    used 4439K, capacity 4759K, committed 4776K, reserved 1048576K
Event: 6.700 GC heap after
Heap after GC invocations=10 (full 2):
 PSYoungGen      total 114688K, used 0K [0x00000000d5d00000, 0x00000000dd600000, 0x0000000100000000)
  eden space 107520K, 0% used [0x00000000d5d00000,0x00000000d5d00000,0x00000000dc600000)
  from space 7168K, 0% used [0x00000000dcf00000,0x00000000dcf00000,0x00000000dd600000)
  to   space 8192K, 0% used [0x00000000dc600000,0x00000000dc600000,0x00000000dce00000)
 ParOldGen       total 66560K, used 12671K [0x0000000081600000, 0x0000000085700000, 0x00000000d5d00000)
  object space 66560K, 19% used [0x0000000081600000,0x000000008225fc10,0x0000000085700000)
 Metaspace       used 34025K, capacity 35450K, committed 35496K, reserved 1079296K
  class space    used 4439K, capacity 4759K, committed 4776K, reserved 1048576K
}
Event: 9.649 GC heap before
{Heap before GC invocations=11 (full 2):
 PSYoungGen      total 114688K, used 107520K [0x00000000d5d00000, 0x00000000dd600000, 0x0000000100000000)
  eden space 107520K, 100% used [0x00000000d5d00000,0x00000000dc600000,0x00000000dc600000)
  from space 7168K, 0% used [0x00000000dcf00000,0x00000000dcf00000,0x00000000dd600000)
  to   space 8192K, 0% used [0x00000000dc600000,0x00000000dc600000,0x00000000dce00000)
 ParOldGen       total 66560K, used 12671K [0x0000000081600000, 0x0000000085700000, 0x00000000d5d00000)
  object space 66560K, 19% used [0x0000000081600000,0x000000008225fc10,0x0000000085700000)
 Metaspace       used 47189K, capacity 48756K, committed 49192K, reserved 1091584K
  class space    used 6277K, capacity 6594K, committed 6696K, reserved 1048576K
Event: 9.663 GC heap after
Heap after GC invocations=11 (full 2):
 PSYoungGen      total 115712K, used 8167K [0x00000000d5d00000, 0x00000000dd600000, 0x0000000100000000)
  eden space 107520K, 0% used [0x00000000d5d00000,0x00000000d5d00000,0x00000000dc600000)
  from space 8192K, 99% used [0x00000000dc600000,0x00000000dcdf9fa8,0x00000000dce00000)
  to   space 7168K, 0% used [0x00000000dcf00000,0x00000000dcf00000,0x00000000dd600000)
 ParOldGen       total 66560K, used 17833K [0x0000000081600000, 0x0000000085700000, 0x00000000d5d00000)
  object space 66560K, 26% used [0x0000000081600000,0x000000008276a700,0x0000000085700000)
 Metaspace       used 47189K, capacity 48756K, committed 49192K, reserved 1091584K
  class space    used 6277K, capacity 6594K, committed 6696K, reserved 1048576K
}
Event: 12.100 GC heap before
{Heap before GC invocations=12 (full 2):
 PSYoungGen      total 115712K, used 115687K [0x00000000d5d00000, 0x00000000dd600000, 0x0000000100000000)
  eden space 107520K, 100% used [0x00000000d5d00000,0x00000000dc600000,0x00000000dc600000)
  from space 8192K, 99% used [0x00000000dc600000,0x00000000dcdf9fa8,0x00000000dce00000)
  to   space 7168K, 0% used [0x00000000dcf00000,0x00000000dcf00000,0x00000000dd600000)
 ParOldGen       total 66560K, used 17833K [0x0000000081600000, 0x0000000085700000, 0x00000000d5d00000)
  object space 66560K, 26% used [0x0000000081600000,0x000000008276a700,0x0000000085700000)
 Metaspace       used 56491K, capacity 58978K, committed 59160K, reserved 1099776K
  class space    used 7727K, capacity 8173K, committed 8232K, reserved 1048576K
Event: 12.140 GC heap after
Heap after GC invocations=12 (full 2):
 PSYoungGen      total 114688K, used 7144K [0x00000000d5d00000, 0x00000000dd600000, 0x0000000100000000)
  eden space 107520K, 0% used [0x00000000d5d00000,0x00000000d5d00000,0x00000000dc600000)
  from space 7168K, 99% used [0x00000000dcf00000,0x00000000dd5fa050,0x00000000dd600000)
  to   space 8192K, 0% used [0x00000000dc600000,0x00000000dc600000,0x00000000dce00000)
 ParOldGen       total 66560K, used 25151K [0x0000000081600000, 0x0000000085700000, 0x00000000d5d00000)
  object space 66560K, 37% used [0x0000000081600000,0x0000000082e8ff88,0x0000000085700000)
 Metaspace       used 56491K, capacity 58978K, committed 59160K, reserved 1099776K
  class space    used 7727K, capacity 8173K, committed 8232K, reserved 1048576K
}
Event: 12.298 GC heap before
{Heap before GC invocations=13 (full 2):
 PSYoungGen      total 114688K, used 20510K [0x00000000d5d00000, 0x00000000dd600000, 0x0000000100000000)
  eden space 107520K, 12% used [0x00000000d5d00000,0x00000000d6a0d8e0,0x00000000dc600000)
  from space 7168K, 99% used [0x00000000dcf00000,0x00000000dd5fa050,0x00000000dd600000)
  to   space 8192K, 0% used [0x00000000dc600000,0x00000000dc600000,0x00000000dce00000)
 ParOldGen       total 66560K, used 25151K [0x0000000081600000, 0x0000000085700000, 0x00000000d5d00000)
  object space 66560K, 37% used [0x0000000081600000,0x0000000082e8ff88,0x0000000085700000)
 Metaspace       used 56624K, capacity 59048K, committed 59160K, reserved 1099776K
  class space    used 7743K, capacity 8174K, committed 8232K, reserved 1048576K
Event: 12.310 GC heap after
Heap after GC invocations=13 (full 2):
 PSYoungGen      total 115712K, used 608K [0x00000000d5d00000, 0x00000000dd600000, 0x0000000100000000)
  eden space 107520K, 0% used [0x00000000d5d00000,0x00000000d5d00000,0x00000000dc600000)
  from space 8192K, 7% used [0x00000000dc600000,0x00000000dc698000,0x00000000dce00000)
  to   space 7168K, 0% used [0x00000000dcf00000,0x00000000dcf00000,0x00000000dd600000)
 ParOldGen       total 66560K, used 32200K [0x0000000081600000, 0x0000000085700000, 0x00000000d5d00000)
  object space 66560K, 48% used [0x0000000081600000,0x0000000083572248,0x0000000085700000)
 Metaspace       used 56624K, capacity 59048K, committed 59160K, reserved 1099776K
  class space    used 7743K, capacity 8174K, committed 8232K, reserved 1048576K
}
Event: 12.310 GC heap before
{Heap before GC invocations=14 (full 3):
 PSYoungGen      total 115712K, used 608K [0x00000000d5d00000, 0x00000000dd600000, 0x0000000100000000)
  eden space 107520K, 0% used [0x00000000d5d00000,0x00000000d5d00000,0x00000000dc600000)
  from space 8192K, 7% used [0x00000000dc600000,0x00000000dc698000,0x00000000dce00000)
  to   space 7168K, 0% used [0x00000000dcf00000,0x00000000dcf00000,0x00000000dd600000)
 ParOldGen       total 66560K, used 32200K [0x0000000081600000, 0x0000000085700000, 0x00000000d5d00000)
  object space 66560K, 48% used [0x0000000081600000,0x0000000083572248,0x0000000085700000)
 Metaspace       used 56624K, capacity 59048K, committed 59160K, reserved 1099776K
  class space    used 7743K, capacity 8174K, committed 8232K, reserved 1048576K
Event: 12.551 GC heap after
Heap after GC invocations=14 (full 3):
 PSYoungGen      total 115712K, used 0K [0x00000000d5d00000, 0x00000000dd600000, 0x0000000100000000)
  eden space 107520K, 0% used [0x00000000d5d00000,0x00000000d5d00000,0x00000000dc600000)
  from space 8192K, 0% used [0x00000000dc600000,0x00000000dc600000,0x00000000dce00000)
  to   space 7168K, 0% used [0x00000000dcf00000,0x00000000dcf00000,0x00000000dd600000)
 ParOldGen       total 84992K, used 19799K [0x0000000081600000, 0x0000000086900000, 0x00000000d5d00000)
  object space 84992K, 23% used [0x0000000081600000,0x0000000082955e80,0x0000000086900000)
 Metaspace       used 56624K, capacity 59048K, committed 59160K, reserved 1099776K
  class space    used 7743K, capacity 8174K, committed 8232K, reserved 1048576K
}

Deoptimization events (10 events):
Event: 11.742 Thread 0x0000000003252800 Uncommon trap: reason=unstable_if action=reinterpret pc=0x000000000371b5a0 method=java.io.WinNTFileSystem.resolve(Ljava/lang/String;Ljava/lang/String;)Ljava/lang/String; @ 117
Event: 11.807 Thread 0x0000000003252800 Uncommon trap: reason=unstable_if action=reinterpret pc=0x0000000003e7bd88 method=org.springframework.beans.factory.support.AbstractAutowireCapableBeanFactory.predictBeanType(Ljava/lang/String;Lorg/springframework/beans/factory/support/RootBeanDefinition;
Event: 11.819 Thread 0x0000000003252800 Uncommon trap: reason=unstable_if action=reinterpret pc=0x0000000003df3d3c method=org.springframework.beans.factory.support.AbstractAutowireCapableBeanFactory.predictBeanType(Ljava/lang/String;Lorg/springframework/beans/factory/support/RootBeanDefinition;
Event: 12.013 Thread 0x0000000003252800 Uncommon trap: reason=bimorphic action=maybe_recompile pc=0x0000000004057aa0 method=java.util.Collections$SetFromMap.contains(Ljava/lang/Object;)Z @ 5
Event: 12.172 Thread 0x0000000003252800 Uncommon trap: reason=class_check action=maybe_recompile pc=0x0000000003bb80d8 method=org.springframework.core.SerializableTypeWrapper.forTypeProvider(Lorg/springframework/core/SerializableTypeWrapper$TypeProvider;)Ljava/lang/reflect/Type; @ 45
Event: 12.172 Thread 0x0000000003252800 Uncommon trap: reason=class_check action=maybe_recompile pc=0x0000000003bb80d8 method=org.springframework.core.SerializableTypeWrapper.forTypeProvider(Lorg/springframework/core/SerializableTypeWrapper$TypeProvider;)Ljava/lang/reflect/Type; @ 45
Event: 12.178 Thread 0x0000000003252800 Uncommon trap: reason=class_check action=maybe_recompile pc=0x0000000003bb80d8 method=org.springframework.core.SerializableTypeWrapper.forTypeProvider(Lorg/springframework/core/SerializableTypeWrapper$TypeProvider;)Ljava/lang/reflect/Type; @ 45
Event: 12.222 Thread 0x0000000003252800 Uncommon trap: reason=null_check action=make_not_entrant pc=0x00000000041c0784 method=org.springframework.core.annotation.AnnotatedElementUtils.searchWithFindSemantics(Ljava/lang/reflect/AnnotatedElement;Ljava/util/Set;Ljava/lang/String;Ljava/lang/Class;L
Event: 12.555 Thread 0x0000000003252800 Uncommon trap: reason=predicate action=maybe_recompile pc=0x0000000003b94db8 method=java.util.AbstractCollection.toArray([Ljava/lang/Object;)[Ljava/lang/Object; @ 49
Event: 12.817 Thread 0x0000000003252800 Uncommon trap: reason=unstable_if action=reinterpret pc=0x00000000040ede44 method=org.springframework.boot.context.properties.source.ConfigurationPropertyName.elementEquals(Lorg/springframework/boot/context/properties/source/ConfigurationPropertyName$Elem

Classes redefined (0 events):
No events

Internal exceptions (10 events):
Event: 12.887 Thread 0x0000000003252800 Exception <a 'java/lang/ClassNotFoundException': java/lang/ObjectCustomizer> (0x00000000d7817fc8) thrown at [C:\re\workspace\8-2-build-windows-amd64-cygwin\jdk8u221\13320\hotspot\src\share\vm\classfile\systemDictionary.cpp, line 210]
Event: 12.888 Thread 0x0000000003252800 Exception <a 'java/lang/ClassNotFoundException': org/springframework/web/accept/ContentNegotiationManagerCustomizer> (0x00000000d7838bf0) thrown at [C:\re\workspace\8-2-build-windows-amd64-cygwin\jdk8u221\13320\hotspot\src\share\vm\classfile\systemDiction
Event: 12.889 Thread 0x0000000003252800 Exception <a 'java/lang/ClassNotFoundException': org/springframework/web/accept/ContentNegotiationStrategyCustomizer> (0x00000000d7864688) thrown at [C:\re\workspace\8-2-build-windows-amd64-cygwin\jdk8u221\13320\hotspot\src\share\vm\classfile\systemDictio
Event: 12.890 Thread 0x0000000003252800 Exception <a 'java/lang/ClassNotFoundException': org/springframework/web/accept/MediaTypeFileExtensionResolverCustomizer> (0x00000000d7885bb0) thrown at [C:\re\workspace\8-2-build-windows-amd64-cygwin\jdk8u221\13320\hotspot\src\share\vm\classfile\systemDi
Event: 12.897 Thread 0x0000000003252800 Exception <a 'java/lang/ClassNotFoundException': java/lang/ObjectCustomizer> (0x00000000d78e1538) thrown at [C:\re\workspace\8-2-build-windows-amd64-cygwin\jdk8u221\13320\hotspot\src\share\vm\classfile\systemDictionary.cpp, line 210]
Event: 12.898 Thread 0x0000000003252800 Exception <a 'java/lang/ClassNotFoundException': org/springframework/boot/autoconfigure/http/HttpMessageConvertersAutoConfiguration$StringHttpMessageConverterConfigurationCustomizer> (0x00000000d7918a48) thrown at [C:\re\workspace\8-2-build-windows-amd64-
Event: 12.899 Thread 0x0000000003252800 Exception <a 'java/lang/ClassNotFoundException': org/springframework/boot/autoconfigure/http/HttpMessageConvertersAutoConfiguration$StringHttpMessageConverterConfiguration$$EnhancerBySpringCGLIB$$94dc14fcCustomizer> (0x00000000d7959728) thrown at [C:\re\w
Event: 12.900 Thread 0x0000000003252800 Exception <a 'java/lang/ClassNotFoundException': org/springframework/context/annotation/ConfigurationClassEnhancer$EnhancedConfigurationCustomizer> (0x00000000d79898d0) thrown at [C:\re\workspace\8-2-build-windows-amd64-cygwin\jdk8u221\13320\hotspot\src\s
Event: 12.901 Thread 0x0000000003252800 Exception <a 'java/lang/ClassNotFoundException': org/springframework/beans/factory/BeanFactoryAwareCustomizer> (0x00000000d79a6b48) thrown at [C:\re\workspace\8-2-build-windows-amd64-cygwin\jdk8u221\13320\hotspot\src\share\vm\classfile\systemDictionary.cp
Event: 12.902 Thread 0x0000000003252800 Exception <a 'java/lang/ClassNotFoundException': org/springframework/beans/factory/AwareCustomizer> (0x00000000d79c1680) thrown at [C:\re\workspace\8-2-build-windows-amd64-cygwin\jdk8u221\13320\hotspot\src\share\vm\classfile\systemDictionary.cpp, line 210

Events (10 events):
Event: 12.900 loading class org/springframework/beans/factory/BeanFactoryAwareCustomizer
Event: 12.900 loading class org/springframework/beans/factory/BeanFactoryAwareCustomizer done
Event: 12.901 loading class org/springframework/beans/factory/BeanFactoryAwareCustomizer
Event: 12.901 loading class org/springframework/beans/factory/BeanFactoryAwareCustomizer done
Event: 12.901 loading class org/springframework/beans/factory/AwareCustomizer
Event: 12.901 loading class org/springframework/beans/factory/AwareCustomizer done
Event: 12.901 loading class org/springframework/beans/factory/AwareCustomizer
Event: 12.901 loading class org/springframework/beans/factory/AwareCustomizer done
Event: 12.901 loading class org/springframework/beans/factory/AwareCustomizer
Event: 12.902 loading class org/springframework/beans/factory/AwareCustomizer done


Dynamic libraries:
0x00007ff6981c0000 - 0x00007ff6981f7000 	C:\Program Files\Java\jdk1.8.0_221\jre\bin\java.exe
0x00007ff8af0c0000 - 0x00007ff8af2b0000 	C:\WINDOWS\SYSTEM32\ntdll.dll
0x00007ff8ae6d0000 - 0x00007ff8ae782000 	C:\WINDOWS\System32\KERNEL32.DLL
0x00007ff8acc80000 - 0x00007ff8acf23000 	C:\WINDOWS\System32\KERNELBASE.dll
0x00007ff8ae310000 - 0x00007ff8ae3b3000 	C:\WINDOWS\System32\ADVAPI32.dll
0x00007ff8ae4d0000 - 0x00007ff8ae56e000 	C:\WINDOWS\System32\msvcrt.dll
0x00007ff8ad7e0000 - 0x00007ff8ad877000 	C:\WINDOWS\System32\sechost.dll
0x00007ff8ad3d0000 - 0x00007ff8ad4f0000 	C:\WINDOWS\System32\RPCRT4.dll
0x00007ff8ae140000 - 0x00007ff8ae2d4000 	C:\WINDOWS\System32\USER32.dll
0x00007ff8ac100000 - 0x00007ff8ac121000 	C:\WINDOWS\System32\win32u.dll
0x00007ff8ada20000 - 0x00007ff8ada46000 	C:\WINDOWS\System32\GDI32.dll
0x00007ff8acfd0000 - 0x00007ff8ad164000 	C:\WINDOWS\System32\gdi32full.dll
0x00007ff8acf30000 - 0x00007ff8acfce000 	C:\WINDOWS\System32\msvcp_win.dll
0x00007ff8ac1e0000 - 0x00007ff8ac2da000 	C:\WINDOWS\System32\ucrtbase.dll
0x00007ff8a0cb0000 - 0x00007ff8a0f35000 	C:\WINDOWS\WinSxS\amd64_microsoft.windows.common-controls_6595b64144ccf1df_6.0.18362.418_none_e6c6b287130d565d\COMCTL32.dll
0x00007ff8aec00000 - 0x00007ff8aef36000 	C:\WINDOWS\System32\combase.dll
0x00007ff8ac130000 - 0x00007ff8ac1b0000 	C:\WINDOWS\System32\bcryptPrimitives.dll
0x00007ff8ae2e0000 - 0x00007ff8ae30e000 	C:\WINDOWS\System32\IMM32.DLL
0x0000000050a80000 - 0x0000000050b52000 	C:\Program Files\Java\jdk1.8.0_221\jre\bin\msvcr100.dll
0x00000000501d0000 - 0x0000000050a75000 	C:\Program Files\Java\jdk1.8.0_221\jre\bin\server\jvm.dll
0x00007ff8ae4a0000 - 0x00007ff8ae4a8000 	C:\WINDOWS\System32\PSAPI.DLL
0x00007ff8aa0c0000 - 0x00007ff8aa0c9000 	C:\WINDOWS\SYSTEM32\WSOCK32.dll
0x00007ff8a9f10000 - 0x00007ff8a9f34000 	C:\WINDOWS\SYSTEM32\WINMM.dll
0x00007ff8a1810000 - 0x00007ff8a181a000 	C:\WINDOWS\SYSTEM32\VERSION.dll
0x00007ff8ad900000 - 0x00007ff8ad96f000 	C:\WINDOWS\System32\WS2_32.dll
0x00007ff8a9a90000 - 0x00007ff8a9abd000 	C:\WINDOWS\SYSTEM32\WINMMBASE.dll
0x00007ff8ac4b0000 - 0x00007ff8ac4fa000 	C:\WINDOWS\System32\cfgmgr32.dll
0x00007ff8a7e10000 - 0x00007ff8a7e1f000 	C:\Program Files\Java\jdk1.8.0_221\jre\bin\verify.dll
0x00007ff8a64e0000 - 0x00007ff8a6509000 	C:\Program Files\Java\jdk1.8.0_221\jre\bin\java.dll
0x00007ff8a64c0000 - 0x00007ff8a64d6000 	C:\Program Files\Java\jdk1.8.0_221\jre\bin\zip.dll
0x00007ff8ada50000 - 0x00007ff8ae135000 	C:\WINDOWS\System32\SHELL32.dll
0x00007ff8ad970000 - 0x00007ff8ada19000 	C:\WINDOWS\System32\shcore.dll
0x00007ff8ac500000 - 0x00007ff8acc7f000 	C:\WINDOWS\System32\windows.storage.dll
0x00007ff8ac030000 - 0x00007ff8ac04f000 	C:\WINDOWS\System32\profapi.dll
0x00007ff8abfe0000 - 0x00007ff8ac02a000 	C:\WINDOWS\System32\powrprof.dll
0x00007ff8abf90000 - 0x00007ff8abfa0000 	C:\WINDOWS\System32\UMPDC.dll
0x00007ff8ad6b0000 - 0x00007ff8ad702000 	C:\WINDOWS\System32\shlwapi.dll
0x00007ff8abfc0000 - 0x00007ff8abfd1000 	C:\WINDOWS\System32\kernel.appcore.dll
0x00007ff8ac490000 - 0x00007ff8ac4a7000 	C:\WINDOWS\System32\cryptsp.dll
0x00007ff8a76e0000 - 0x00007ff8a76ed000 	C:\Program Files\Java\jdk1.8.0_221\jre\bin\management.dll
0x00007ff8a64a0000 - 0x00007ff8a64ba000 	C:\Program Files\Java\jdk1.8.0_221\jre\bin\net.dll
0x00007ff89d500000 - 0x00007ff89d6d6000 	C:\WINDOWS\SYSTEM32\urlmon.dll
0x00007ff89d870000 - 0x00007ff89db16000 	C:\WINDOWS\SYSTEM32\iertutil.dll
0x00007ff8ab970000 - 0x00007ff8ab97c000 	C:\WINDOWS\SYSTEM32\CRYPTBASE.DLL
0x00007ff8ab7a0000 - 0x00007ff8ab807000 	C:\WINDOWS\system32\mswsock.dll
0x00007ff8ab4f0000 - 0x00007ff8ab5ba000 	C:\WINDOWS\SYSTEM32\DNSAPI.dll
0x00007ff8af010000 - 0x00007ff8af018000 	C:\WINDOWS\System32\NSI.dll
0x00007ff8ab4b0000 - 0x00007ff8ab4ea000 	C:\WINDOWS\SYSTEM32\IPHLPAPI.DLL
0x00007ff8a0680000 - 0x00007ff8a068a000 	C:\Windows\System32\rasadhlp.dll
0x00007ff8a0f50000 - 0x00007ff8a0fc7000 	C:\WINDOWS\System32\fwpuclnt.dll
0x00007ff8ac1b0000 - 0x00007ff8ac1d6000 	C:\WINDOWS\System32\bcrypt.dll
0x00007ff8a6430000 - 0x00007ff8a6442000 	C:\Program Files\Java\jdk1.8.0_221\jre\bin\nio.dll
0x00007ff8ab310000 - 0x00007ff8ab343000 	C:\WINDOWS\system32\rsaenh.dll
0x00007ff8abeb0000 - 0x00007ff8abed5000 	C:\WINDOWS\SYSTEM32\USERENV.dll
0x00007ff8a0960000 - 0x00007ff8a0976000 	C:\WINDOWS\SYSTEM32\dhcpcsvc6.DLL
0x00007ff8a0940000 - 0x00007ff8a095c000 	C:\WINDOWS\SYSTEM32\dhcpcsvc.DLL
0x00007ff892240000 - 0x00007ff892256000 	C:\WINDOWS\system32\napinsp.dll
0x00007ff890e20000 - 0x00007ff890e3a000 	C:\WINDOWS\system32\pnrpnsp.dll
0x00007ff8a5b00000 - 0x00007ff8a5b0e000 	C:\WINDOWS\System32\winrnr.dll
0x00007ff8a87f0000 - 0x00007ff8a880c000 	C:\WINDOWS\system32\NLAapi.dll
0x00007ff8a1350000 - 0x00007ff8a1365000 	C:\WINDOWS\system32\wshbth.dll

VM Arguments:
java_command: C:\Users\CLEVER~1\AppData\Local\Temp\surefire5314310498080912985\surefirebooter841069836971858490.jar C:\Users\Cleverson Melo\AppData\Local\Temp\surefire5314310498080912985 2019-11-16T17-51-26_307-jvmRun1 surefire7736085308767190583tmp surefire_02185899144808077820tmp
java_class_path (initial): C:\Users\CLEVER~1\AppData\Local\Temp\surefire5314310498080912985\surefirebooter841069836971858490.jar
Launcher Type: SUN_STANDARD

Environment Variables:
JAVA_HOME=C:\Program Files\Java\jdk1.8.0_221
PATH=C:\Python27\;C:\Python27\Scripts;C:\Program Files (x86)\Common Files\Oracle\Java\javapath;E:\Programas\php\PHP\;C:\WINDOWS\system32;C:\WINDOWS;C:\WINDOWS\System32\Wbem;C:\WINDOWS\System32\WindowsPowerShell\v1.0\;C:\Program Files (x86)\MySQL\MySQL Server 5.1\bin;E:\Programa\PuTTY\;C:\Program Files\Java\jdk1.8.0_221\bin;C:\Program Files\Git\cmd;C:\Program Files\TortoiseGit\bin;C:\WINDOWS\System32\OpenSSH\;C:\Program Files\Microsoft SQL Server\Client SDK\ODBC\130\Tools\Binn\;C:\Program Files (x86)\Microsoft SQL Server\140\Tools\Binn\;C:\Program Files\Microsoft SQL Server\140\Tools\Binn\;C:\Program Files\Microsoft SQL Server\140\DTS\Binn\;C:\Program Files (x86)\Microsoft SQL Server\150\DTS\Binn\;C:\Program Files\nodejs\;C:\ProgramData\chocolatey\bin;C:\Users\Cleverson Melo\AppData\Local\Microsoft\WindowsApps;;C:\Users\Cleverson Melo\AppData\Local\Programs\Microsoft VS Code\bin;C:\Users\Cleverson Melo\AppData\Roaming\npm
USERNAME=Cleverson Melo
OS=Windows_NT
PROCESSOR_IDENTIFIER=Intel64 Family 6 Model 61 Stepping 4, GenuineIntel



---------------  S Y S T E M  ---------------

OS: Windows 10.0 , 64 bit Build 18362 (10.0.18362.329)

CPU:total 4 (initial active 4) (2 cores per cpu, 2 threads per core) family 6 model 61 stepping 4, cmov, cx8, fxsr, mmx, sse, sse2, sse3, ssse3, sse4.1, sse4.2, popcnt, avx, avx2, aes, clmul, erms, 3dnowpref, lzcnt, ht, tsc, tscinvbit, bmi1, bmi2, adx

Memory: 4k page, physical 8297876k(564808k free), swap 8297876k(5400k free)

vm_info: Java HotSpot(TM) 64-Bit Server VM (25.221-b11) for windows-amd64 JRE (1.8.0_221-b11), built on Jul  4 2019 04:39:29 by "java_re" with MS VC++ 10.0 (VS2010)

time: Sat Nov 16 16:51:41 2019
timezone: Hora oficial do Brasil
elapsed time: 12 seconds (0d 0h 0m 12s)

