#
# There is insufficient memory for the Java Runtime Environment to continue.
# Native memory allocation (malloc) failed to allocate 32744 bytes for ChunkPool::allocate
# Possible reasons:
#   The system is out of physical RAM or swap space
#   The process is running with CompressedOops enabled, and the Java Heap may be blocking the growth of the native heap
# Possible solutions:
#   Reduce memory load on the system
#   Increase physical memory or swap space
#   Check if swap backing store is full
#   Decrease Java heap size (-Xmx/-Xms)
#   Decrease number of Java threads
#   Decrease Java thread stack sizes (-Xss)
#   Set larger code cache with -XX:ReservedCodeCacheSize=
#   JVM is running with Unscaled Compressed Oops mode in which the Java heap is
#     placed in the first 4GB address space. The Java Heap base address is the
#     maximum limit for the native heap growth. Please use -XX:HeapBaseMinAddress
#     to set the Java Heap base and to place the Java Heap above 4GB virtual address.
# This output file may be truncated or incomplete.
#
#  Out of Memory Error (allocation.cpp:272), pid=3376, tid=0x0000000000000658
#
# JRE version: Java(TM) SE Runtime Environment (8.0_221-b11) (build 1.8.0_221-b11)
# Java VM: Java HotSpot(TM) 64-Bit Server VM (25.221-b11 mixed mode windows-amd64 compressed oops)
# Failed to write core dump. Minidumps are not enabled by default on client versions of Windows
#

---------------  T H R E A D  ---------------

Current thread (0x0000000018fd8800):  JavaThread "C1 CompilerThread2" daemon [_thread_in_vm, id=1624, stack(0x00000000193d0000,0x00000000194d0000)]

Stack: [0x00000000193d0000,0x00000000194d0000]
[error occurred during error reporting (printing stack bounds), id 0xc0000005]

Native frames: (J=compiled Java code, j=interpreted, Vv=VM code, C=native code)


Current CompileTask:
C1:  18741 4016       3       sun.nio.cs.UTF_8$Encoder::encodeArrayLoop (489 bytes)


---------------  P R O C E S S  ---------------

Java Threads: ( => current thread )
  0x000000001ae4b800 JavaThread "Thread-6" [_thread_in_native, id=3904, stack(0x000000001dbc0000,0x000000001dcc0000)]
  0x000000001ae4e800 JavaThread "Thread-5" [_thread_in_native, id=6004, stack(0x000000001dac0000,0x000000001dbc0000)]
  0x000000001ae4b000 JavaThread "Thread-4" [_thread_blocked, id=11756, stack(0x000000001d9c0000,0x000000001dac0000)]
  0x000000001ae4c800 JavaThread "ThreadedStreamConsumer" daemon [_thread_in_native, id=9184, stack(0x000000001d8c0000,0x000000001d9c0000)]
  0x000000001c945000 JavaThread "ping-timer-10s" daemon [_thread_blocked, id=7456, stack(0x000000001d7c0000,0x000000001d8c0000)]
  0x000000001c944000 JavaThread "timeout-check-timer" daemon [_thread_blocked, id=2556, stack(0x000000001d6c0000,0x000000001d7c0000)]
  0x000000001a306000 JavaThread "resolver-5" daemon [_thread_blocked, id=16192, stack(0x000000001d5c0000,0x000000001d6c0000)]
  0x000000001a305000 JavaThread "resolver-4" daemon [_thread_blocked, id=14588, stack(0x000000001d4c0000,0x000000001d5c0000)]
  0x000000001c681800 JavaThread "resolver-3" daemon [_thread_blocked, id=6128, stack(0x000000001d3c0000,0x000000001d4c0000)]
  0x000000001c680800 JavaThread "resolver-2" daemon [_thread_blocked, id=9604, stack(0x000000001d2c0000,0x000000001d3c0000)]
  0x000000001c67b000 JavaThread "resolver-1" daemon [_thread_blocked, id=8092, stack(0x000000001bde0000,0x000000001bee0000)]
  0x000000001a5c0000 JavaThread "JMX server connection timeout 15" daemon [_thread_blocked, id=9684, stack(0x000000001bae0000,0x000000001bbe0000)]
  0x000000001a576000 JavaThread "RMI Scheduler(0)" daemon [_thread_blocked, id=384, stack(0x000000001b9e0000,0x000000001bae0000)]
  0x000000001a574000 JavaThread "RMI TCP Connection(1)-192.168.43.174" daemon [_thread_in_native, id=12864, stack(0x000000001b8e0000,0x000000001b9e0000)]
  0x000000001a467800 JavaThread "RMI TCP Accept-0" daemon [_thread_in_native, id=15804, stack(0x000000001b5e0000,0x000000001b6e0000)]
  0x0000000018ff9000 JavaThread "Service Thread" daemon [_thread_blocked, id=8456, stack(0x00000000194d0000,0x00000000195d0000)]
=>0x0000000018fd8800 JavaThread "C1 CompilerThread2" daemon [_thread_in_vm, id=1624, stack(0x00000000193d0000,0x00000000194d0000)]
  0x00000000177a6000 JavaThread "C2 CompilerThread1" daemon [_thread_blocked, id=14564, stack(0x0000000018ed0000,0x0000000018fd0000)]
  0x0000000017761800 JavaThread "C2 CompilerThread0" daemon [_thread_blocked, id=9892, stack(0x0000000018dd0000,0x0000000018ed0000)]
  0x000000001775d000 JavaThread "Attach Listener" daemon [_thread_blocked, id=13308, stack(0x0000000018cd0000,0x0000000018dd0000)]
  0x000000001775b000 JavaThread "Signal Dispatcher" daemon [_thread_blocked, id=12576, stack(0x0000000018bd0000,0x0000000018cd0000)]
  0x0000000017749800 JavaThread "Finalizer" daemon [_thread_blocked, id=11240, stack(0x00000000189c0000,0x0000000018ac0000)]
  0x0000000002bf1800 JavaThread "Reference Handler" daemon [_thread_blocked, id=1744, stack(0x00000000188c0000,0x00000000189c0000)]
  0x0000000002b02800 JavaThread "main" [_thread_in_native, id=13736, stack(0x0000000002910000,0x0000000002a10000)]

Other Threads:
  0x0000000017727800 VMThread [stack: 0x00000000187c0000,0x00000000188c0000] [id=9616]
  0x0000000018ffa800 WatcherThread [stack: 0x00000000195d0000,0x00000000196d0000] [id=1500]

VM state:not at safepoint (normal execution)

VM Mutex/Monitor currently owned by a thread:  ([mutex/lock_event])
[0x0000000002afd190] CodeCache_lock - owner thread: 0x0000000018fd8800
[0x0000000002b00c50] Compile_lock - owner thread: 0x0000000018fd8800
[0x0000000002b01a50] MethodCompileQueue_lock - owner thread: 0x0000000018fd8800

heap address: 0x0000000081600000, size: 2026 MB, Compressed Oops mode: 32-bit
Narrow klass base: 0x0000000000000000, Narrow klass shift: 3
Compressed class space size: 1073741824 Address: 0x0000000100000000

Heap:
 PSYoungGen      total 145920K, used 67816K [0x00000000d5d00000, 0x00000000e7900000, 0x0000000100000000)
  eden space 132608K, 51% used [0x00000000d5d00000,0x00000000d9f3a078,0x00000000dde80000)
  from space 13312K, 0% used [0x00000000dde80000,0x00000000dde80000,0x00000000deb80000)
  to   space 12800K, 0% used [0x00000000e6c80000,0x00000000e6c80000,0x00000000e7900000)
 ParOldGen       total 76800K, used 20915K [0x0000000081600000, 0x0000000086100000, 0x00000000d5d00000)
  object space 76800K, 27% used [0x0000000081600000,0x0000000082a6ced0,0x0000000086100000)
 Metaspace       used 22490K, capacity 23094K, committed 23216K, reserved 1069056K
  class space    used 2610K, capacity 2786K, committed 2816K, reserved 1048576K

Card table byte_map: [0x0000000011fc0000,0x00000000123c0000] byte_map_base: 0x0000000011bb5000

Marking Bits: (ParMarkBitMap*) 0x00000000509f5ce0
 Begin Bits: [0x0000000012a70000, 0x0000000014a18000)
 End Bits:   [0x0000000014a18000, 0x00000000169c0000)

Polling page: 0x0000000000c20000

CodeCache: size=245760Kb used=11666Kb max_used=13845Kb free=234093Kb
 bounds [0x0000000002c00000, 0x00000000039a0000, 0x0000000011c00000]
 total_blobs=3916 nmethods=3482 adapters=345
 compilation: enabled

Compilation events (10 events):
Event: 18.708 Thread 0x0000000018fd8800 nmethod 4011 0x0000000002f06950 code [0x0000000002f06aa0, 0x0000000002f06c50]
Event: 18.710 Thread 0x00000000177a6000 4012   !   4       java.nio.CharBuffer::wrap (20 bytes)
Event: 18.712 Thread 0x00000000177a6000 nmethod 4012 0x0000000002ec88d0 code [0x0000000002ec8a20, 0x0000000002ec8c58]
Event: 18.727 Thread 0x0000000017761800 4013       4       java.nio.CharBuffer::array (35 bytes)
Event: 18.728 Thread 0x0000000017761800 nmethod 4013 0x0000000003164ad0 code [0x0000000003164c00, 0x0000000003164c98]
Event: 18.736 Thread 0x0000000018fd8800 4014       1       java.util.Currency::getCurrencyCode (5 bytes)
Event: 18.736 Thread 0x0000000018fd8800 nmethod 4014 0x00000000032318d0 code [0x0000000003231a20, 0x0000000003231b30]
Event: 18.736 Thread 0x0000000018fd8800 4015       3       java.util.Formatter$Flags::<init> (10 bytes)
Event: 18.736 Thread 0x0000000018fd8800 nmethod 4015 0x0000000002f8ca10 code [0x0000000002f8cb60, 0x0000000002f8cd10]
Event: 18.736 Thread 0x0000000018fd8800 4016       3       sun.nio.cs.UTF_8$Encoder::encodeArrayLoop (489 bytes)

GC Heap History (10 events):
Event: 3.321 GC heap before
{Heap before GC invocations=4 (full 0):
 PSYoungGen      total 38400K, used 38384K [0x00000000d5d00000, 0x00000000da800000, 0x0000000100000000)
  eden space 33280K, 100% used [0x00000000d5d00000,0x00000000d7d80000,0x00000000d7d80000)
  from space 5120K, 99% used [0x00000000d7d80000,0x00000000d827c030,0x00000000d8280000)
  to   space 5120K, 0% used [0x00000000da300000,0x00000000da300000,0x00000000da800000)
 ParOldGen       total 87552K, used 5931K [0x0000000081600000, 0x0000000086b80000, 0x00000000d5d00000)
  object space 87552K, 6% used [0x0000000081600000,0x0000000081bcafa8,0x0000000086b80000)
 Metaspace       used 18696K, capacity 19104K, committed 19328K, reserved 1067008K
  class space    used 2280K, capacity 2432K, committed 2432K, reserved 1048576K
Event: 3.336 GC heap after
Heap after GC invocations=4 (full 0):
 PSYoungGen      total 71680K, used 5088K [0x00000000d5d00000, 0x00000000da800000, 0x0000000100000000)
  eden space 66560K, 0% used [0x00000000d5d00000,0x00000000d5d00000,0x00000000d9e00000)
  from space 5120K, 99% used [0x00000000da300000,0x00000000da7f8020,0x00000000da800000)
  to   space 5120K, 0% used [0x00000000d9e00000,0x00000000d9e00000,0x00000000da300000)
 ParOldGen       total 87552K, used 9675K [0x0000000081600000, 0x0000000086b80000, 0x00000000d5d00000)
  object space 87552K, 11% used [0x0000000081600000,0x0000000081f72d90,0x0000000086b80000)
 Metaspace       used 18696K, capacity 19104K, committed 19328K, reserved 1067008K
  class space    used 2280K, capacity 2432K, committed 2432K, reserved 1048576K
}
Event: 4.061 GC heap before
{Heap before GC invocations=5 (full 0):
 PSYoungGen      total 71680K, used 71648K [0x00000000d5d00000, 0x00000000da800000, 0x0000000100000000)
  eden space 66560K, 100% used [0x00000000d5d00000,0x00000000d9e00000,0x00000000d9e00000)
  from space 5120K, 99% used [0x00000000da300000,0x00000000da7f8020,0x00000000da800000)
  to   space 5120K, 0% used [0x00000000d9e00000,0x00000000d9e00000,0x00000000da300000)
 ParOldGen       total 87552K, used 9675K [0x0000000081600000, 0x0000000086b80000, 0x00000000d5d00000)
  object space 87552K, 11% used [0x0000000081600000,0x0000000081f72d90,0x0000000086b80000)
 Metaspace       used 19054K, capacity 19490K, committed 19712K, reserved 1067008K
  class space    used 2301K, capacity 2443K, committed 2560K, reserved 1048576K
Event: 4.086 GC heap after
Heap after GC invocations=5 (full 0):
 PSYoungGen      total 71680K, used 5104K [0x00000000d5d00000, 0x00000000df800000, 0x0000000100000000)
  eden space 66560K, 0% used [0x00000000d5d00000,0x00000000d5d00000,0x00000000d9e00000)
  from space 5120K, 99% used [0x00000000d9e00000,0x00000000da2fc010,0x00000000da300000)
  to   space 12800K, 0% used [0x00000000deb80000,0x00000000deb80000,0x00000000df800000)
 ParOldGen       total 87552K, used 15589K [0x0000000081600000, 0x0000000086b80000, 0x00000000d5d00000)
  object space 87552K, 17% used [0x0000000081600000,0x0000000082539630,0x0000000086b80000)
 Metaspace       used 19054K, capacity 19490K, committed 19712K, reserved 1067008K
  class space    used 2301K, capacity 2443K, committed 2560K, reserved 1048576K
}
Event: 5.311 GC heap before
{Heap before GC invocations=6 (full 0):
 PSYoungGen      total 71680K, used 71664K [0x00000000d5d00000, 0x00000000df800000, 0x0000000100000000)
  eden space 66560K, 100% used [0x00000000d5d00000,0x00000000d9e00000,0x00000000d9e00000)
  from space 5120K, 99% used [0x00000000d9e00000,0x00000000da2fc010,0x00000000da300000)
  to   space 12800K, 0% used [0x00000000deb80000,0x00000000deb80000,0x00000000df800000)
 ParOldGen       total 87552K, used 15589K [0x0000000081600000, 0x0000000086b80000, 0x00000000d5d00000)
  object space 87552K, 17% used [0x0000000081600000,0x0000000082539630,0x0000000086b80000)
 Metaspace       used 20295K, capacity 20864K, committed 21120K, reserved 1067008K
  class space    used 2409K, capacity 2580K, committed 2688K, reserved 1048576K
Event: 5.331 GC heap after
Heap after GC invocations=6 (full 0):
 PSYoungGen      total 145408K, used 10425K [0x00000000d5d00000, 0x00000000df900000, 0x0000000100000000)
  eden space 132608K, 0% used [0x00000000d5d00000,0x00000000d5d00000,0x00000000dde80000)
  from space 12800K, 81% used [0x00000000deb80000,0x00000000df5ae5b0,0x00000000df800000)
  to   space 13312K, 0% used [0x00000000dde80000,0x00000000dde80000,0x00000000deb80000)
 ParOldGen       total 87552K, used 15597K [0x0000000081600000, 0x0000000086b80000, 0x00000000d5d00000)
  object space 87552K, 17% used [0x0000000081600000,0x000000008253b630,0x0000000086b80000)
 Metaspace       used 20295K, capacity 20864K, committed 21120K, reserved 1067008K
  class space    used 2409K, capacity 2580K, committed 2688K, reserved 1048576K
}
Event: 5.598 GC heap before
{Heap before GC invocations=7 (full 0):
 PSYoungGen      total 145408K, used 26176K [0x00000000d5d00000, 0x00000000df900000, 0x0000000100000000)
  eden space 132608K, 11% used [0x00000000d5d00000,0x00000000d6c61b10,0x00000000dde80000)
  from space 12800K, 81% used [0x00000000deb80000,0x00000000df5ae5b0,0x00000000df800000)
  to   space 13312K, 0% used [0x00000000dde80000,0x00000000dde80000,0x00000000deb80000)
 ParOldGen       total 87552K, used 15597K [0x0000000081600000, 0x0000000086b80000, 0x00000000d5d00000)
  object space 87552K, 17% used [0x0000000081600000,0x000000008253b630,0x0000000086b80000)
 Metaspace       used 20632K, capacity 21170K, committed 21296K, reserved 1069056K
  class space    used 2438K, capacity 2621K, committed 2688K, reserved 1048576K
Event: 5.622 GC heap after
Heap after GC invocations=7 (full 0):
 PSYoungGen      total 145920K, used 8224K [0x00000000d5d00000, 0x00000000e7900000, 0x0000000100000000)
  eden space 132608K, 0% used [0x00000000d5d00000,0x00000000d5d00000,0x00000000dde80000)
  from space 13312K, 61% used [0x00000000dde80000,0x00000000de6881b0,0x00000000deb80000)
  to   space 12800K, 0% used [0x00000000e6c80000,0x00000000e6c80000,0x00000000e7900000)
 ParOldGen       total 87552K, used 17617K [0x0000000081600000, 0x0000000086b80000, 0x00000000d5d00000)
  object space 87552K, 20% used [0x0000000081600000,0x0000000082734690,0x0000000086b80000)
 Metaspace       used 20632K, capacity 21170K, committed 21296K, reserved 1069056K
  class space    used 2438K, capacity 2621K, committed 2688K, reserved 1048576K
}
Event: 5.623 GC heap before
{Heap before GC invocations=8 (full 1):
 PSYoungGen      total 145920K, used 8224K [0x00000000d5d00000, 0x00000000e7900000, 0x0000000100000000)
  eden space 132608K, 0% used [0x00000000d5d00000,0x00000000d5d00000,0x00000000dde80000)
  from space 13312K, 61% used [0x00000000dde80000,0x00000000de6881b0,0x00000000deb80000)
  to   space 12800K, 0% used [0x00000000e6c80000,0x00000000e6c80000,0x00000000e7900000)
 ParOldGen       total 87552K, used 17617K [0x0000000081600000, 0x0000000086b80000, 0x00000000d5d00000)
  object space 87552K, 20% used [0x0000000081600000,0x0000000082734690,0x0000000086b80000)
 Metaspace       used 20632K, capacity 21170K, committed 21296K, reserved 1069056K
  class space    used 2438K, capacity 2621K, committed 2688K, reserved 1048576K
Event: 5.786 GC heap after
Heap after GC invocations=8 (full 1):
 PSYoungGen      total 145920K, used 0K [0x00000000d5d00000, 0x00000000e7900000, 0x0000000100000000)
  eden space 132608K, 0% used [0x00000000d5d00000,0x00000000d5d00000,0x00000000dde80000)
  from space 13312K, 0% used [0x00000000dde80000,0x00000000dde80000,0x00000000deb80000)
  to   space 12800K, 0% used [0x00000000e6c80000,0x00000000e6c80000,0x00000000e7900000)
 ParOldGen       total 76800K, used 20915K [0x0000000081600000, 0x0000000086100000, 0x00000000d5d00000)
  object space 76800K, 27% used [0x0000000081600000,0x0000000082a6ced0,0x0000000086100000)
 Metaspace       used 20632K, capacity 21170K, committed 21296K, reserved 1069056K
  class space    used 2438K, capacity 2621K, committed 2688K, reserved 1048576K
}

Deoptimization events (10 events):
Event: 10.373 Thread 0x0000000002b02800 Uncommon trap: reason=class_check action=maybe_recompile pc=0x00000000033f8f40 method=java.util.Collections$UnmodifiableMap$UnmodifiableEntrySet$UnmodifiableEntry.getValue()Ljava/lang/Object; @ 4
Event: 10.373 Thread 0x0000000002b02800 Uncommon trap: reason=class_check action=maybe_recompile pc=0x00000000033f91cc method=java.util.Collections$UnmodifiableMap$UnmodifiableEntrySet$1.hasNext()Z @ 4
Event: 10.373 Thread 0x0000000002b02800 Uncommon trap: reason=class_check action=maybe_recompile pc=0x00000000033fb768 method=java.util.Collections$UnmodifiableMap$UnmodifiableEntrySet$1.next()Ljava/util/Map$Entry; @ 8
Event: 10.373 Thread 0x0000000002b02800 Uncommon trap: reason=class_check action=maybe_recompile pc=0x0000000003405640 method=java.util.Collections$UnmodifiableMap$UnmodifiableEntrySet$UnmodifiableEntry.getKey()Ljava/lang/Object; @ 4
Event: 10.373 Thread 0x0000000002b02800 Uncommon trap: reason=class_check action=maybe_recompile pc=0x00000000033f8f40 method=java.util.Collections$UnmodifiableMap$UnmodifiableEntrySet$UnmodifiableEntry.getValue()Ljava/lang/Object; @ 4
Event: 10.373 Thread 0x0000000002b02800 Uncommon trap: reason=class_check action=maybe_recompile pc=0x00000000033f91cc method=java.util.Collections$UnmodifiableMap$UnmodifiableEntrySet$1.hasNext()Z @ 4
Event: 10.373 Thread 0x0000000002b02800 Uncommon trap: reason=class_check action=maybe_recompile pc=0x00000000033fb768 method=java.util.Collections$UnmodifiableMap$UnmodifiableEntrySet$1.next()Ljava/util/Map$Entry; @ 8
Event: 10.373 Thread 0x0000000002b02800 Uncommon trap: reason=class_check action=maybe_recompile pc=0x0000000003405640 method=java.util.Collections$UnmodifiableMap$UnmodifiableEntrySet$UnmodifiableEntry.getKey()Ljava/lang/Object; @ 4
Event: 10.373 Thread 0x0000000002b02800 Uncommon trap: reason=class_check action=maybe_recompile pc=0x00000000033f8f40 method=java.util.Collections$UnmodifiableMap$UnmodifiableEntrySet$UnmodifiableEntry.getValue()Ljava/lang/Object; @ 4
Event: 12.007 Thread 0x000000001ae4e800 Uncommon trap: reason=unstable_if action=reinterpret pc=0x0000000002e9f730 method=java.io.BufferedReader.readLine(Z)Ljava/lang/String; @ 192

Classes redefined (0 events):
No events

Internal exceptions (10 events):
Event: 12.025 Thread 0x000000001a574000 Exception <a 'java/lang/ClassNotFoundException': org/springframework/context/support/LiveBeansView> (0x00000000d98d4310) thrown at [C:\re\workspace\8-2-build-windows-amd64-cygwin\jdk8u221\13320\hotspot\src\share\vm\classfile\systemDictionary.cpp, line 210
Event: 12.028 Thread 0x000000001a574000 Exception <a 'java/lang/ClassNotFoundException': org/springframework/boot/actuate/endpoint/jmx/EndpointMBean> (0x00000000d98f7870) thrown at [C:\re\workspace\8-2-build-windows-amd64-cygwin\jdk8u221\13320\hotspot\src\share\vm\classfile\systemDictionary.cpp
Event: 12.031 Thread 0x000000001a574000 Exception <a 'java/lang/ClassNotFoundException': org/springframework/boot/actuate/endpoint/jmx/DataEndpointMBean> (0x00000000d9918708) thrown at [C:\re\workspace\8-2-build-windows-amd64-cygwin\jdk8u221\13320\hotspot\src\share\vm\classfile\systemDictionary
Event: 12.034 Thread 0x000000001a574000 Exception <a 'java/lang/ClassNotFoundException': org/springframework/context/support/LiveBeansView> (0x00000000d9df63d0) thrown at [C:\re\workspace\8-2-build-windows-amd64-cygwin\jdk8u221\13320\hotspot\src\share\vm\classfile\systemDictionary.cpp, line 210
Event: 12.034 Thread 0x000000001a574000 Exception <a 'java/lang/ClassNotFoundException': org/springframework/boot/actuate/endpoint/jmx/EndpointMBean> (0x00000000d9df6738) thrown at [C:\re\workspace\8-2-build-windows-amd64-cygwin\jdk8u221\13320\hotspot\src\share\vm\classfile\systemDictionary.cpp
Event: 12.034 Thread 0x000000001a574000 Exception <a 'java/lang/ClassNotFoundException': org/springframework/boot/actuate/endpoint/jmx/DataEndpointMBean> (0x00000000d9df6c90) thrown at [C:\re\workspace\8-2-build-windows-amd64-cygwin\jdk8u221\13320\hotspot\src\share\vm\classfile\systemDictionary
Event: 12.034 Thread 0x000000001a574000 Exception <a 'java/lang/ClassNotFoundException': org/springframework/context/support/LiveBeansView> (0x00000000d9df71d0) thrown at [C:\re\workspace\8-2-build-windows-amd64-cygwin\jdk8u221\13320\hotspot\src\share\vm\classfile\systemDictionary.cpp, line 210
Event: 12.034 Thread 0x000000001a574000 Exception <a 'java/lang/ClassNotFoundException': org/springframework/boot/actuate/endpoint/jmx/EndpointMBean> (0x00000000d9df7528) thrown at [C:\re\workspace\8-2-build-windows-amd64-cygwin\jdk8u221\13320\hotspot\src\share\vm\classfile\systemDictionary.cpp
Event: 12.034 Thread 0x000000001a574000 Exception <a 'java/lang/ClassNotFoundException': org/springframework/boot/actuate/endpoint/jmx/DataEndpointMBean> (0x00000000d9df7a70) thrown at [C:\re\workspace\8-2-build-windows-amd64-cygwin\jdk8u221\13320\hotspot\src\share\vm\classfile\systemDictionary
Event: 12.034 Thread 0x000000001a574000 Exception <a 'java/lang/ClassNotFoundException': org/springframework/context/support/LiveBeansView> (0x00000000d9df7fa0) thrown at [C:\re\workspace\8-2-build-windows-amd64-cygwin\jdk8u221\13320\hotspot\src\share\vm\classfile\systemDictionary.cpp, line 210

Events (10 events):
Event: 18.707 loading class org/apache/maven/plugin/surefire/booterclient/output/InPluginProcessDumpSingleton
Event: 18.707 loading class org/apache/maven/plugin/surefire/booterclient/output/InPluginProcessDumpSingleton done
Event: 18.707 loading class org/apache/maven/plugin/surefire/booterclient/output/InPluginProcessDumpSingleton
Event: 18.707 loading class org/apache/maven/plugin/surefire/booterclient/output/InPluginProcessDumpSingleton done
Event: 18.707 loading class org/apache/maven/plugin/surefire/booterclient/output/InPluginProcessDumpSingleton
Event: 18.707 loading class org/apache/maven/plugin/surefire/booterclient/output/InPluginProcessDumpSingleton done
Event: 18.711 loading class java/lang/Throwable$WrappedPrintWriter
Event: 18.711 loading class java/lang/Throwable$PrintStreamOrWriter
Event: 18.711 loading class java/lang/Throwable$PrintStreamOrWriter done
Event: 18.711 loading class java/lang/Throwable$WrappedPrintWriter done


Dynamic libraries:
0x00007ff6b06d0000 - 0x00007ff6b0707000 	C:\Program Files\Java\jdk1.8.0_221\bin\javaw.exe
0x00007ff8af0c0000 - 0x00007ff8af2b0000 	C:\WINDOWS\SYSTEM32\ntdll.dll
0x00007ff8ae6d0000 - 0x00007ff8ae782000 	C:\WINDOWS\System32\KERNEL32.DLL
0x00007ff8acc80000 - 0x00007ff8acf23000 	C:\WINDOWS\System32\KERNELBASE.dll
0x00007ff8ae310000 - 0x00007ff8ae3b3000 	C:\WINDOWS\System32\ADVAPI32.dll
0x00007ff8ae4d0000 - 0x00007ff8ae56e000 	C:\WINDOWS\System32\msvcrt.dll
0x00007ff8ad7e0000 - 0x00007ff8ad877000 	C:\WINDOWS\System32\sechost.dll
0x00007ff8ad3d0000 - 0x00007ff8ad4f0000 	C:\WINDOWS\System32\RPCRT4.dll
0x00007ff8ae140000 - 0x00007ff8ae2d4000 	C:\WINDOWS\System32\USER32.dll
0x00007ff8ac100000 - 0x00007ff8ac121000 	C:\WINDOWS\System32\win32u.dll
0x00007ff8ada20000 - 0x00007ff8ada46000 	C:\WINDOWS\System32\GDI32.dll
0x00007ff8acfd0000 - 0x00007ff8ad164000 	C:\WINDOWS\System32\gdi32full.dll
0x00007ff8acf30000 - 0x00007ff8acfce000 	C:\WINDOWS\System32\msvcp_win.dll
0x00007ff8ac1e0000 - 0x00007ff8ac2da000 	C:\WINDOWS\System32\ucrtbase.dll
0x00007ff8a0cb0000 - 0x00007ff8a0f35000 	C:\WINDOWS\WinSxS\amd64_microsoft.windows.common-controls_6595b64144ccf1df_6.0.18362.418_none_e6c6b287130d565d\COMCTL32.dll
0x00007ff8aec00000 - 0x00007ff8aef36000 	C:\WINDOWS\System32\combase.dll
0x00007ff8ac130000 - 0x00007ff8ac1b0000 	C:\WINDOWS\System32\bcryptPrimitives.dll
0x00007ff8ae2e0000 - 0x00007ff8ae30e000 	C:\WINDOWS\System32\IMM32.DLL
0x0000000050a80000 - 0x0000000050b52000 	C:\Program Files\Java\jdk1.8.0_221\jre\bin\msvcr100.dll
0x00000000501d0000 - 0x0000000050a75000 	C:\Program Files\Java\jdk1.8.0_221\jre\bin\server\jvm.dll
0x00007ff8ae4a0000 - 0x00007ff8ae4a8000 	C:\WINDOWS\System32\PSAPI.DLL
0x00007ff8a9f10000 - 0x00007ff8a9f34000 	C:\WINDOWS\SYSTEM32\WINMM.dll
0x00007ff8a1810000 - 0x00007ff8a181a000 	C:\WINDOWS\SYSTEM32\VERSION.dll
0x00007ff8aa0c0000 - 0x00007ff8aa0c9000 	C:\WINDOWS\SYSTEM32\WSOCK32.dll
0x00007ff8ad900000 - 0x00007ff8ad96f000 	C:\WINDOWS\System32\WS2_32.dll
0x00007ff8a9a90000 - 0x00007ff8a9abd000 	C:\WINDOWS\SYSTEM32\WINMMBASE.dll
0x00007ff8ac4b0000 - 0x00007ff8ac4fa000 	C:\WINDOWS\System32\cfgmgr32.dll
0x00007ff8a7e10000 - 0x00007ff8a7e1f000 	C:\Program Files\Java\jdk1.8.0_221\jre\bin\verify.dll
0x00007ff8a64e0000 - 0x00007ff8a6509000 	C:\Program Files\Java\jdk1.8.0_221\jre\bin\java.dll
0x00007ff8a64c0000 - 0x00007ff8a64d6000 	C:\Program Files\Java\jdk1.8.0_221\jre\bin\zip.dll
0x00007ff8ada50000 - 0x00007ff8ae135000 	C:\WINDOWS\System32\SHELL32.dll
0x00007ff8ad970000 - 0x00007ff8ada19000 	C:\WINDOWS\System32\shcore.dll
0x00007ff8ac500000 - 0x00007ff8acc7f000 	C:\WINDOWS\System32\windows.storage.dll
0x00007ff8ac030000 - 0x00007ff8ac04f000 	C:\WINDOWS\System32\profapi.dll
0x00007ff8abfe0000 - 0x00007ff8ac02a000 	C:\WINDOWS\System32\powrprof.dll
0x00007ff8abf90000 - 0x00007ff8abfa0000 	C:\WINDOWS\System32\UMPDC.dll
0x00007ff8ad6b0000 - 0x00007ff8ad702000 	C:\WINDOWS\System32\shlwapi.dll
0x00007ff8abfc0000 - 0x00007ff8abfd1000 	C:\WINDOWS\System32\kernel.appcore.dll
0x00007ff8ac490000 - 0x00007ff8ac4a7000 	C:\WINDOWS\System32\cryptsp.dll
0x00007ff8ab310000 - 0x00007ff8ab343000 	C:\WINDOWS\system32\rsaenh.dll
0x00007ff8ac1b0000 - 0x00007ff8ac1d6000 	C:\WINDOWS\System32\bcrypt.dll
0x00007ff8abeb0000 - 0x00007ff8abed5000 	C:\WINDOWS\SYSTEM32\USERENV.dll
0x00007ff8ab970000 - 0x00007ff8ab97c000 	C:\WINDOWS\SYSTEM32\CRYPTBASE.dll
0x00007ff8a64a0000 - 0x00007ff8a64ba000 	C:\Program Files\Java\jdk1.8.0_221\jre\bin\net.dll
0x00007ff89d500000 - 0x00007ff89d6d6000 	C:\WINDOWS\SYSTEM32\urlmon.dll
0x00007ff89d870000 - 0x00007ff89db16000 	C:\WINDOWS\SYSTEM32\iertutil.dll
0x00007ff8ab7a0000 - 0x00007ff8ab807000 	C:\WINDOWS\system32\mswsock.dll
0x00007ff8ab4b0000 - 0x00007ff8ab4ea000 	C:\WINDOWS\SYSTEM32\IPHLPAPI.DLL
0x00007ff8af010000 - 0x00007ff8af018000 	C:\WINDOWS\System32\NSI.dll
0x00007ff8a0960000 - 0x00007ff8a0976000 	C:\WINDOWS\SYSTEM32\dhcpcsvc6.DLL
0x00007ff8a0940000 - 0x00007ff8a095c000 	C:\WINDOWS\SYSTEM32\dhcpcsvc.DLL
0x00007ff8ab4f0000 - 0x00007ff8ab5ba000 	C:\WINDOWS\SYSTEM32\DNSAPI.dll
0x00007ff8a6430000 - 0x00007ff8a6442000 	C:\Program Files\Java\jdk1.8.0_221\jre\bin\nio.dll
0x00007ff8a78f0000 - 0x00007ff8a78fa000 	C:\Users\Cleverson Melo\AppData\Local\Temp\jansi-1.17.1-1906506621589127133.dll
0x00007ff8a0680000 - 0x00007ff8a068a000 	C:\Windows\System32\rasadhlp.dll
0x00007ff8a0f50000 - 0x00007ff8a0fc7000 	C:\WINDOWS\System32\fwpuclnt.dll
0x00007ff8a76e0000 - 0x00007ff8a76ed000 	C:\Program Files\Java\jdk1.8.0_221\jre\bin\management.dll
0x00007ff892240000 - 0x00007ff892256000 	C:\WINDOWS\system32\napinsp.dll
0x00007ff890e20000 - 0x00007ff890e3a000 	C:\WINDOWS\system32\pnrpnsp.dll
0x00007ff8a5b00000 - 0x00007ff8a5b0e000 	C:\WINDOWS\System32\winrnr.dll
0x00007ff8a87f0000 - 0x00007ff8a880c000 	C:\WINDOWS\system32\NLAapi.dll
0x00007ff8a1350000 - 0x00007ff8a1365000 	C:\WINDOWS\system32\wshbth.dll

VM Arguments:
jvm_args: -Dmaven.home=EMBEDDED -Dclassworlds.conf=E:\Arquivos\javaSpring\.metadata\.plugins\org.eclipse.m2e.launching\launches\m2conf7664520196985248544.tmp -Dmaven.multiModuleProjectDirectory=E:\Arquivos\javaSpring\avaliacao -Djansi.force=true -Djansi.passthrough=true -Dfile.encoding=Cp1252 
java_command: org.codehaus.plexus.classworlds.launcher.Launcher -B package -Dstyle.color=always
java_class_path (initial): E:\Programas\spring-tool-suite-4-4.4.0\sts-4.4.0.RELEASE\plugins\org.eclipse.m2e.maven.runtime_1.13.0.20190716-1623\jars\plexus-classworlds-2.6.0.jar
Launcher Type: SUN_STANDARD

Environment Variables:
JAVA_HOME=C:\Program Files\Java\jdk1.8.0_221
PATH=C:\Python27\;C:\Python27\Scripts;C:\Program Files (x86)\Common Files\Oracle\Java\javapath;E:\Programas\php\PHP\;C:\WINDOWS\system32;C:\WINDOWS;C:\WINDOWS\System32\Wbem;C:\WINDOWS\System32\WindowsPowerShell\v1.0\;C:\Program Files (x86)\MySQL\MySQL Server 5.1\bin;E:\Programa\PuTTY\;C:\Program Files\Java\jdk1.8.0_221\bin;C:\Program Files\Git\cmd;C:\Program Files\TortoiseGit\bin;C:\WINDOWS\System32\OpenSSH\;C:\Program Files\Microsoft SQL Server\Client SDK\ODBC\130\Tools\Binn\;C:\Program Files (x86)\Microsoft SQL Server\140\Tools\Binn\;C:\Program Files\Microsoft SQL Server\140\Tools\Binn\;C:\Program Files\Microsoft SQL Server\140\DTS\Binn\;C:\Program Files (x86)\Microsoft SQL Server\150\DTS\Binn\;C:\Program Files\nodejs\;C:\ProgramData\chocolatey\bin;C:\Users\Cleverson Melo\AppData\Local\Microsoft\WindowsApps;;C:\Users\Cleverson Melo\AppData\Local\Programs\Microsoft VS Code\bin;C:\Users\Cleverson Melo\AppData\Roaming\npm
USERNAME=Cleverson Melo
OS=Windows_NT
PROCESSOR_IDENTIFIER=Intel64 Family 6 Model 61 Stepping 4, GenuineIntel



---------------  S Y S T E M  ---------------

OS: Windows 10.0 , 64 bit Build 18362 (10.0.18362.329)

CPU:total 4 (initial active 4) (2 cores per cpu, 2 threads per core) family 6 model 61 stepping 4, cmov, cx8, fxsr, mmx, sse, sse2, sse3, ssse3, sse4.1, sse4.2, popcnt, avx, avx2, aes, clmul, erms, 3dnowpref, lzcnt, ht, tsc, tscinvbit, bmi1, bmi2, adx

Memory: 4k page, physical 8297876k(757672k free), swap 8297876k(5140k free)

vm_info: Java HotSpot(TM) 64-Bit Server VM (25.221-b11) for windows-amd64 JRE (1.8.0_221-b11), built on Jul  4 2019 04:39:29 by "java_re" with MS VC++ 10.0 (VS2010)

time: Sat Nov 16 16:53:56 2019
timezone: Hora oficial do Brasil
elapsed time: 18 seconds (0d 0h 0m 18s)

